1	50	9431.5996	ThI
1	60	9432.2827	ThII
1	101	9435.123	ThI
1	126	9436.8127	ThI
1	329	9450.4608	ThI
1	399	9455.2023	ThI
1	408	9456.0216	ThII
1	486	9461.0279	ThI
1	579	9467.1954	ThI
1	632	9470.6819	ThI
1	696	9474.8793	ThI
1	880	9486.9256	ThI
1	1013	9495.4979	ThI
1	1039	9497.1891	ThI
1	1088	9500.2999	ThI
1	1168	9505.393	ThI
1	1203	9507.6525	ThI
1	1215	9508.4513	ArII
1	1254	9510.9465	ThI
1	1315	9514.7986	Th
1	1648	9535.6566	ArII
1	1661	9536.407	ThI
1	91	9279.7085	ArII
1	238	9289.5624	ThI
1	268	9291.5313	ArI
1	320	9294.974	ThI
1	396	9300.0131	ThI
1	517	9307.8956	ThI
1	556	9310.444	ThI
1	668	9317.7296	ThI
1	749	9323.04	ThI
1	956	9336.1624	ThI
1	1027	9340.7053	ThI
1	1242	9354.2198	ArI
1	1351	9360.9879	ThII
1	1443	9366.7971	ThI
1	1670	9380.6439	ThI
1	1713	9383.2722	ThI
1	1730	9384.0997	ThI
1	1806	9388.9308	ThI
1	1834	9390.5852	ThI
1	125	9132.2739	ThI
1	162	9134.6919	ThI
1	181	9135.9375	Th
1	208	9137.7316	ThI
1	251	9140.5559	Th
1	450	9153.3664	ThI
1	503	9156.9236	ThI
1	512	9157.4218	ThII
1	537	9159.0346	ArII
1	644	9165.895	ThI
1	674	9167.795	ThI
1	721	9170.822	ThI
1	847	9178.7795	ThI
1	988	9187.5654	ThI
1	1068	9192.5937	ArII
1	1085	9193.5928	ThI
1	1101	9194.6385	ArI
1	1183	9199.6841	ThI
1	1252	9203.9617	ThI
1	1319	9208.0252	ThI
1	1328	9208.5811	ThI
1	1448	9215.9197	ThI
1	1539	9221.4324	ThI
1	1590	9224.4992	ArI
1	1640	9227.5119	ThI
1	1723	9232.496	ThI
1	1736	9233.2739	ThII
1	1746	9233.8574	ThI
1	1837	9239.3261	ThI
1	248	8995.1893	ThI
1	289	8997.8763	ThI
1	313	8999.5264	ThI
1	455	9008.4636	ArII
1	477	9009.8832	ThI
1	503	9011.5152	ThI
1	519	9012.5263	ThI
1	584	9016.5903	ThI
1	600	9017.5912	ArII
1	827	9031.8194	ThI
1	893	9035.9195	ArII
1	926	9037.8938	ThI
1	939	9038.6911	ThII
1	962	9040.1229	ThI
1	1047	9045.3532	ThI
1	1094	9048.2501	ThI
1	1180	9053.4858	ThII
1	1330	9062.5631	ThII
1	1354	9063.96	ThI
1	1389	9066.1115	ThII
1	1421	9068.023	ArII
1	1493	9072.2785	ThII
1	1545	9075.3945	ArI
1	164	8849.3151	ThI
1	219	8852.7916	ThI
1	252	8854.9079	ThI
1	317	8859.0181	ThI
1	324	8859.4123	ThII
1	348	8860.9757	ThI
1	439	8866.7145	ThI
1	474	8868.8334	ThI
1	576	8875.2324	ThI
1	803	8889.1939	ThI
1	819	8890.2805	ThI
1	865	8892.9865	ThI
1	875	8893.5397	ThI
1	969	8899.2971	ArII
1	1074	8905.6581	ArII
1	1097	8907.0331	ThII
1	1161	8910.8566	ThI
1	1193	8912.7739	ThI
1	1311	8919.7742	ThI
1	1318	8920.2012	ArII
1	1451	8928.0925	ThI
1	1683	8941.6608	ThI
1	1812	8949.1227	ThI
1	72	8707.3592	ThI
1	102	8709.2341	ThI
1	121	8710.4142	ThI
1	159	8712.8528	ThI
1	173	8713.6547	ThI
1	268	8719.629	ThII
1	301	8721.6595	ThII
1	313	8722.4577	ThI
1	344	8724.3761	ThI
1	475	8732.424	ThI
1	501	8734.0234	ThI
1	594	8739.7816	Th
1	731	8748.0309	ThI
1	749	8749.1697	Th
1	900	8758.2434	ThI
1	937	8760.4496	ThI
1	958	8761.6862	ArI
1	1043	8766.745	ThI
1	1129	8771.8602	ArII
1	1145	8772.8052	ThI
1	1192	8775.5733	ThI
1	1314	8782.7156	ThI
1	1345	8784.5621	ThII
1	1474	8792.0572	ThI
1	1580	8798.172	ThI
1	1596	8799.0875	ArI
1	1692	8804.5894	ThI
1	1791	8810.254	ThI
1	71	8575.3305	ThI
1	102	8577.2768	ThI
1	271	8587.6342	ThII
1	339	8591.8387	ThII
1	360	8593.1089	ThI
1	540	8604.0163	ArII
1	569	8605.7762	ArI
1	743	8616.2219	ThI
1	815	8620.4602	ArI
1	961	8629.1415	ThII
1	999	8631.3565	ThI
1	1119	8638.3623	ThI
1	1138	8639.4416	ThI
1	1239	8645.3087	ThI
1	1306	8649.149	ThI
1	1423	8655.876	ThI
1	58	8446.5116	ThI
1	126	8450.6754	ThII
1	219	8456.3468	ThI
1	350	8464.2367	ThI
1	374	8465.6706	ThI
1	477	8471.826	ThI
1	587	8478.358	ThI
1	789	8490.3065	ArI
1	921	8498.0161	Th
1	968	8500.6797	ThII
1	981	8501.4398	ThI
1	1140	8510.624	ThI
1	1163	8511.9091	ThI
1	1189	8513.4063	ThI
1	1244	8516.5542	ThI
1	1293	8519.3316	ThI
1	1330	8521.4422	ArI
1	1498	8530.9108	ThI
1	1508	8531.4506	ThI
1	1534	8532.9137	ThI
1	1563	8534.6797	ThI
1	1657	8539.793	ThI
1	1697	8542.0871	Th
1	1728	8543.7225	ThI
1	1744	8544.5955	ThI
1	194	8330.4494	ThI
1	282	8335.7067	ThI
1	379	8341.477	ThI
1	465	8346.5427	ThI
1	628	8356.0693	Th
1	658	8357.8357	ThI
1	674	8358.726	ThI
1	800	8366.0741	ThI
1	823	8367.3936	ThI
1	857	8369.3404	ThI
1	1030	8379.2261	ThI
1	1040	8379.7679	ThI
1	1098	8383.0884	ThI
1	1127	8384.724	ArI
1	1170	8387.1053	ThII
1	1195	8388.5363	ThI
1	1368	8398.178	ThI
1	1388	8399.2578	ThI
1	1436	8401.989	ThI
1	1468	8403.7965	ThII
1	1548	8408.2096	ArI
1	1615	8411.9172	ThI
1	1703	8416.7269	ThI
1	1726	8417.9982	ThI
1	1786	8421.2254	ThI
1	1849	8424.6475	ArI
1	117	8205.111	ThI
1	157	8207.4785	ThI
1	190	8209.4461	ThI
1	270	8214.1472	ThI
1	322	8217.2264	ThII
1	498	8227.4722	ThI
1	566	8231.4069	ThI
1	627	8234.9381	ThI
1	935	8252.3936	ThI
1	956	8253.6156	ThI
1	976	8254.7422	ThI
1	1061	8259.511	ThI
1	1088	8261.0143	ThI
1	1152	8264.5225	ArI
1	1352	8275.6266	ThI
1	1586	8288.4143	ThI
1	1662	8292.5272	ThI
1	1718	8295.5497	ThI
1	1749	8297.1765	ThI
1	71	8085.219	ThI
1	144	8089.4852	ThI
1	191	8092.2373	ThI
1	215	8093.6238	ThI
1	223	8094.0559	ArI
1	261	8096.26	ThI
1	390	8103.6931	ArI
1	420	8105.3947	Th
1	593	8115.311	ArI
1	661	8119.1811	ArI
1	724	8122.7234	ThI
1	842	8129.4051	ThI
1	997	8137.9363	ThI
1	1007	8138.4753	ThI
1	1033	8139.9032	ThII
1	1091	8143.138	ThI
1	1211	8149.7021	ThI
1	1260	8152.3818	ThII
1	1355	8157.5434	ThI
1	1395	8159.7277	ThI
1	1439	8162.0587	ThI
1	1458	8163.121	ThII
1	1520	8166.4477	ThII
1	1582	8169.7865	ThI
1	1624	8172.1234	ThI
1	53	7970.2537	ThI
1	94	7972.596	ThI
1	121	7974.1592	ThI
1	204	7978.9731	ThI
1	244	7981.2262	ThII
1	362	7987.9731	ThI
1	422	7991.3655	ThI
1	436	7992.1588	ThI
1	463	7993.6808	ThI
1	521	7996.9691	ThI
1	576	8000.0449	ThI
1	637	8003.4551	ThI
1	686	8006.1567	ArI
1	842	8014.7857	ArI
1	892	8017.5275	ArII
1	977	8022.2014	ThI
1	1014	8024.253	ThI
1	1041	8025.7271	ThI
1	1051	8026.2135	ThI
1	1124	8030.2004	ThI
1	1165	8032.4313	ThI
1	1174	8032.9061	ThI
1	1224	8035.6377	ThI
1	1254	8037.2183	ArI
1	1420	8046.1169	ArI
1	1506	8050.648	Th
1	1556	8053.3085	ArI
1	1579	8054.5355	ThII
1	1733	8062.6304	ThI
1	95	7861.91	ArI
1	132	7864.0218	ThI
1	166	7865.9698	ThI
1	206	7868.1946	ArI
1	334	7875.4626	ThII
1	529	7886.283	ThI
1	615	7891.075	ArI
1	661	7893.6191	ThI
1	771	7899.6229	Th
1	784	7900.32	ThI
1	859	7904.4344	ThI
1	1083	7916.442	ArI
1	1243	7924.9914	ThI
1	1485	7937.7335	ThI
1	1561	7941.7259	ThI
1	1686	7948.1764	ArI
1	1810	7954.5923	ThI
1	1856	7956.974	ArI
1	229	7761.7133	ThI
1	247	7762.732	ThI
1	414	7771.9468	ThI
1	500	7776.6727	ThI
1	533	7778.4922	ThI
1	604	7782.3165	Th
1	704	7787.8002	ThII
1	726	7788.9342	ThI
1	804	7793.1326	ThI
1	901	7798.3579	ThI
1	1010	7804.1414	ThI
1	1017	7804.53	ThI
1	1080	7807.8759	ThI
1	1133	7810.6245	ThI
1	1187	7813.4761	ThI
1	1196	7813.9729	Th
1	1203	7814.323	ArI
1	1238	7816.1534	ThI
1	1269	7817.7669	ThI
1	1358	7822.3877	ThI
1	1591	7834.4578	ThII
1	1614	7835.6209	ThI
1	1630	7836.4597	ThI
1	1706	7840.2981	ThI
1	1735	7841.7911	ThI
1	1744	7842.2656	ThI
1	1848	7847.5394	ThI
1	1866	7848.4547	ThI
1	59	7647.3794	ThI
1	124	7651.0006	ThI
1	138	7651.7451	ThI
1	148	7652.3202	ThI
1	175	7653.8284	ThI
1	191	7654.6998	ThI
1	257	7658.3246	ThI
1	289	7660.0234	ThI
1	304	7660.8903	ThI
1	408	7666.5679	ThI
1	452	7668.9608	ThI
1	472	7670.0575	ArI
1	513	7672.2552	ThI
1	612	7676.2195	ThII
1	622	7678.1267	ThI
1	714	7683.0189	ThI
1	757	7685.3075	ThII
1	773	7686.1538	ThI
1	879	7691.7706	Th
1	917	7693.8016	ThI
1	996	7697.9239	ThI
1	1024	7699.4034	ThI
1	1031	7699.7794	ThI
1	1057	7701.1081	ThII
1	1106	7703.685	ThI
1	1128	7704.8169	ArI
1	1219	7709.5523	ThII
1	1226	7709.8915	ThI
1	1233	7710.2692	ThI
1	1250	7711.1248	ThI
1	1274	7712.405	ThI
1	1304	7713.9378	ThI
1	1446	7721.2023	ThI
1	1497	7723.7611	ArI
1	1505	7724.2072	ArI
1	1599	7728.951	ThI
1	1654	7731.7385	ThII
1	131	7549.3138	ThI
1	241	7555.3254	ThI
1	436	7565.8515	ThI
1	449	7566.5296	ThI
1	472	7567.7417	ThI
1	505	7569.5115	ThI
1	525	7570.559	ThI
1	534	7571.0326	ThI
1	577	7573.3437	ThI
1	710	7580.346	ThI
1	813	7585.7922	ThI
1	821	7586.2132	ThI
1	837	7586.9943	ThI
1	881	7589.3151	ArI
1	1175	7603.6243	ThI
1	1240	7607.823	ThI
1	1415	7616.6827	ThI
1	1448	7618.3443	ArI
1	1483	7620.0773	ThI
1	1552	7623.5683	ThII
1	1567	7624.3123	ThII
1	1583	7625.1195	ThI
1	1595	7625.7053	ThI
1	1624	7627.1749	ThI
1	1659	7628.8818	ArI
1	1687	7630.3106	ThI
1	1723	7632.1305	ThI
1	1784	7635.106	ArI
1	1830	7637.3852	ThI
1	1859	7638.7805	ThI
1	92	7447.8488	ThI
1	228	7455.208	ThI
1	294	7458.7541	ThI
1	353	7461.8746	Th
1	375	7462.991	ThI
1	420	7465.44	ThI
1	489	7469.0566	ThI
1	529	7471.1641	ArI
1	768	7483.6256	ThI
1	782	7484.3267	ArI
1	853	7487.9738	ThI
1	959	7493.4276	ThI
1	1001	7495.5641	ThI
1	1068	7499.0024	ThI
1	1101	7500.6556	ArI
1	1165	7503.8691	ArI
1	1256	7508.4787	ThI
1	1294	7510.4082	ArI
1	1313	7511.3498	ThII
1	1322	7511.7902	ThI
1	1379	7514.6518	ArI
1	1462	7518.7824	ThI
1	1550	7523.1347	ThI
1	1598	7525.5079	ThII
1	1659	7528.4892	ThII
1	1713	7531.1437	ThI
1	86	7350.814	ArI
1	133	7353.293	ArI
1	228	7358.3449	ThII
1	285	7361.3472	ThI
1	466	7370.8255	ThI
1	491	7372.1184	ArI
1	583	7376.8772	ThI
1	651	7380.4263	ArII
1	721	7383.9805	ArI
1	750	7385.5006	ThI
1	767	7386.3445	ThI
1	897	7392.9801	ArI
1	906	7393.4377	ThII
1	1081	7402.2521	ThI
1	1116	7403.9901	ThI
1	1122	7404.2595	ThI
1	1272	7411.7363	ThI
1	1284	7412.3368	ArI
1	1394	7417.7908	ThI
1	1410	7418.5499	ThI
1	1486	7422.3118	ArI
1	1547	7425.2942	ArI
1	1622	7428.9405	ThI
1	1649	7430.2533	ThI
1	1755	7435.3683	ArI
1	1774	7436.297	ArI
1	1862	7440.4933	ArII
1	63	7255.3541	ThI
1	94	7256.986	ThI
1	117	7258.177	ThI
1	251	7265.1724	ArI
1	356	7270.6636	ArI
1	401	7272.9359	ArI
1	634	7284.9033	ThI
1	645	7285.4437	ArI
1	859	7296.2659	ThI
1	897	7298.1434	ThI
1	1042	7305.4043	ThII
1	1108	7308.6418	ThI
1	1170	7311.7159	ArI
1	1238	7315.0661	ThI
1	1258	7316.005	ArI
1	1405	7323.2106	ThI
1	1438	7324.8073	ThI
1	1510	7328.285	ThI
1	1535	7329.4916	ThI
1	1662	7335.5772	ThII
1	1708	7337.7812	ThII
1	1746	7339.6035	ThI
1	1778	7341.1515	ThI
1	1803	7342.2995	ThI
1	1808	7342.5769	ThI
1	1868	7345.3996	ArI
1	135	7167.2028	ThI
1	168	7168.8952	ThI
1	195	7170.3607	ThI
1	254	7173.3725	ThI
1	309	7176.186	ThII
1	320	7176.7213	ThII
1	377	7179.7147	ThI
1	552	7188.532	ThI
1	603	7191.1328	ThII
1	782	7200.0454	ThI
1	817	7201.8091	ThI
1	831	7202.5166	ArI
1	912	7206.483	ThI
1	922	7206.9804	ArI
1	942	7208.0063	ThI
1	1038	7212.6896	ThI
1	1148	7218.0542	ThI
1	1170	7219.1515	ThI
1	1208	7220.9809	ThI
1	1293	7225.1099	ThII
1	1394	7229.9386	ArI
1	1413	7230.8623	ThI
1	1469	7233.5365	ArII
1	1608	7240.1848	ThI
1	1649	7242.0919	ThI
1	1704	7244.6965	ThI
1	1734	7246.1277	Th
1	70	7074.2563	ThI
1	91	7075.3336	ThII
1	264	7084.169	ThI
1	314	7086.7044	ArI
1	356	7088.8232	Th
1	366	7089.3395	ThII
1	589	7100.5144	ThII
1	730	7107.4778	ArI
1	764	7109.1819	ThI
1	778	7109.8602	ThI
1	841	7112.9189	ThI
1	862	7113.9879	ThII
1	871	7114.3984	ThI
1	981	7122.0441	Th
1	1106	7125.82	ArI
1	1197	7130.1846	ThI
1	1208	7130.7236	ThI
1	1222	7131.3586	Th
1	1248	7132.61	ThI
1	1413	7140.4617	ThII
1	1452	7142.331	ThI
1	1553	7147.0416	ArI
1	1585	7148.5589	ThI
1	1622	7150.2844	ThI
1	1692	7153.5877	ThI
1	1764	7156.9416	ThI
1	1805	7158.8387	ArI
1	1829	7159.947	ThI
1	1885	7162.5569	ArI
1	124	6989.6553	ThI
1	175	6992.2126	ArI
1	191	6993.0371	ThII
1	315	6999.2706	Th
1	322	6999.6238	ThI
1	346	7000.8036	ThI
1	388	7002.8829	ThI
1	473	7007.0961	ThI
1	632	7014.9689	ThI
1	640	7015.3172	ThI
1	706	7018.5675	ThI
1	745	7020.4841	ThI
1	762	7021.2832	ThI
1	843	7025.2251	ArI
1	869	7026.4616	ThI
1	901	7028.0228	ThI
1	948	7030.2514	ArI
1	1004	7032.931	ThI
1	1012	7033.3588	ThI
1	1019	7033.6523	ThI
1	1074	7036.2831	ThI
1	1125	7038.7202	ThI
1	1274	7045.797	ThII
1	1441	7053.6196	ThII
1	1458	7054.4177	ThI
1	1490	7055.9011	ThI
1	1546	7058.4895	ThI
1	1568	7059.5253	ThI
1	1579	7060.0417	ThI
1	1592	7060.6538	ThI
1	1608	7061.3942	ThI
1	1675	7064.4515	ThI
1	1735	7067.2181	ArI
1	1768	7068.7358	ArI
1	1819	7071.0942	ThI
1	1828	7071.48	ThI
1	1848	7072.3939	ThI
1	234	6909.8491	ThII
1	262	6911.2264	ThI
1	361	6916.1289	ThI
1	440	6920.0394	ThI
1	542	6925.0094	ArI
1	783	6936.6528	ThI
1	804	6937.6642	ArI
1	906	6942.538	ThI
1	929	6943.6105	ThI
1	968	6945.4902	ThI
1	1095	6951.4776	ArI
1	1163	6954.656	ThI
1	1283	6960.25	ArI
1	1395	6965.4307	ArI
1	1736	6981.0831	ThI
1	1845	6986.0298	ThI
1	171	6823.5084	ThI
1	195	6824.6774	ThI
1	248	6827.2488	ArI
1	284	6829.0355	ThI
1	363	6832.8927	ThII
1	405	6834.9246	ThI
1	495	6839.2949	ThI
1	645	6846.479	Th
1	758	6851.8842	ArI
1	768	6852.3545	ThI
1	793	6853.5234	ThI
1	805	6854.1093	ThI
1	814	6854.5128	ThII
1	831	6855.315	ThI
1	839	6855.6891	ThI
1	957	6861.2688	ArII
1	991	6862.8685	ThI
1	1006	6863.535	ArII
1	1066	6866.3666	ThI
1	1075	6866.7634	ThI
1	1111	6868.4508	ThI
1	1160	6870.7261	ThI
1	1173	6871.2891	ArI
1	1248	6874.753	ThI
1	1353	6879.5824	ArI
1	1423	6882.8114	ThI
1	1434	6883.3147	ThI
1	1502	6886.4082	ThI
1	1517	6887.0881	ArI
1	1541	6888.1742	ArI
1	1566	6889.3032	ThII
1	1631	6892.2502	ThI
1	184	6742.8845	ThI
1	361	6751.4267	ThI
1	390	6752.8335	ArI
1	407	6753.6598	ThI
1	466	6756.4528	ThI
1	480	6757.1092	ThI
1	502	6758.2035	ThI
1	559	6760.8923	ThII
1	680	6766.6117	ArI
1	754	6770.1069	ThII
1	799	6772.1745	ThI
1	818	6773.0973	Th
1	930	6778.3123	ThI
1	952	6779.3242	ThI
1	969	6780.1252	ThI
1	976	6780.4131	ThI
1	1135	6787.7364	ThI
1	1159	6788.8403	ThI
1	1211	6791.2351	ThI
1	1311	6795.7982	ThI
1	1371	6798.4868	ThI
1	1415	6800.4645	ThI
1	1567	6807.319	ThI
1	1594	6808.5311	ArII
1	1640	6810.5494	ThII
1	1683	6812.4915	ThI
1	1690	6812.7752	ThII
1	1753	6815.6123	ThI
1	84	6658.6774	ThI
1	125	6660.6761	ArI
1	158	6662.2686	ThI
1	188	6663.6966	ThI
1	195	6664.051	ArI
1	243	6666.3588	ArII
1	295	6668.8163	ThI
1	395	6673.5797	ThI
1	418	6674.6969	ThI
1	473	6677.2817	ArI
1	503	6678.7067	ThI
1	532	6680.0811	ThI
1	602	6683.3673	ThI
1	622	6684.2929	ArI
1	691	6687.5207	ThI
1	804	6692.7262	ThII
1	831	6694.0068	ThI
1	842	6694.4967	ThI
1	878	6696.14	ThI
1	912	6697.7123	ThI
1	978	6700.7499	Th
1	1209	6711.2521	ThI
1	1270	6713.97	ThI
1	1297	6715.1885	ThII
1	1346	6717.3851	ThI
1	1387	6719.1995	ThI
1	1546	6726.3091	ThI
1	1572	6727.4583	ThI
1	1587	6728.1183	ThI
1	1602	6728.7595	ThI
1	1629	6729.9328	ThI
1	1690	6732.6491	ThI
1	1715	6733.7488	ThI
1	63	6580.2299	ThI
1	140	6583.906	ThI
1	155	6584.613	ThI
1	177	6585.6945	ThI
1	237	6588.5396	ThI
1	300	6591.4845	ThI
1	342	6593.4628	ThI
1	352	6593.9391	ThI
1	398	6596.1141	ArI
1	453	6598.6778	ArI
1	470	6599.4824	Th
1	586	6604.8534	ArI
1	598	6605.4165	ThII
1	771	6613.374	ThI
1	851	6617.058	ThII
1	861	6617.5154	ThI
1	876	6618.1668	ThI
1	915	6619.9458	ThII
1	937	6620.9665	ArII
1	1184	6632.0837	ArI
1	1215	6633.4579	ThII
1	1322	6638.2207	ArI
1	1338	6638.9119	ThI
1	1357	6639.7403	ArI
1	1447	6643.6976	ArII
1	1468	6644.6635	Th
1	1511	6646.5407	ThII
1	1556	6648.4954	ThII
1	1566	6648.9586	ThII
1	1691	6654.3675	Th
1	1750	6656.9386	ArI
1	1790	6658.6774	ThI
1	1837	6660.6761	ArI
1	1874	6662.2686	ThI
1	114	6506.9868	ThI
1	158	6509.0503	ThI
1	199	6510.9969	ThII
1	228	6512.3639	ThI
1	436	6522.0432	ThI
1	447	6522.4994	ThI
1	639	6531.3418	ThI
1	709	6534.6056	ThI
1	766	6537.1775	ThI
1	777	6537.6139	ThI
1	787	6538.112	ArI
1	875	6542.0498	ThI
1	957	6545.7186	ThI
1	1057	6550.1877	Th
1	1065	6550.5475	ThII
1	1091	6551.7055	ThI
1	1147	6554.1603	ThI
1	1253	6558.8756	ThI
1	1280	6560.0574	ThII
1	1380	6564.4445	ThI
1	1500	6569.6322	ThII
1	1650	6576.1221	ThI
1	1676	6577.2146	ThI
1	1686	6577.6552	ThII
1	1746	6580.2299	ThI
1	1832	6583.906	ThI
1	83	6431.555	ArI
1	192	6436.6699	ThI
1	228	6438.3095	ThI
1	241	6438.916	ThI
1	305	6441.8994	ArII
1	348	6443.8598	ArII
1	386	6445.6407	ThI
1	411	6446.7712	ThI
1	482	6450.006	ThI
1	503	6450.9557	ThI
1	527	6452.0591	ThI
1	598	6455.2647	ThI
1	643	6457.2824	ThI
1	714	6460.475	ThI
1	727	6461.0596	Th
1	875	6467.6754	ThI
1	954	6471.2131	ThII
1	1181	6481.3017	ThI
1	1225	6483.0825	ArII
1	1247	6484.0694	ThI
1	1278	6485.3759	ThII
1	1326	6487.4811	ThI
1	1358	6488.8832	ThI
1	1401	6490.7372	ThI
1	1459	6493.1975	ThI
1	1507	6495.2573	ThI
1	1524	6496.0292	ThI
1	1559	6497.4919	ThI
1	1664	6501.9919	ThI
1	1700	6503.5111	ThII
1	1782	6506.9868	ThI
1	205	6364.8937	ArI
1	297	6369.1394	ThI
1	307	6369.5748	ArI
1	359	6371.9436	ThI
1	469	6376.9305	ThI
1	510	6378.7604	ThII
1	530	6379.6733	ThI
1	568	6381.3598	ThI
1	577	6381.7588	ThI
1	643	6384.7169	ArI
1	703	6387.3957	ThI
1	725	6388.4179	ThI
1	748	6389.39	ThI
1	764	6390.1289	ThI
1	788	6391.1774	ThI
1	815	6392.3685	ThI
1	919	6396.9499	ThI
1	971	6399.2065	ArII
1	1005	6400.6961	ThI
1	1058	6403.0128	ArII
1	1137	6406.4462	ThI
1	1194	6408.9035	ArII
1	1264	6411.8991	ThI
1	1304	6413.6145	ThI
1	1348	6415.5374	ThI
1	1367	6416.3071	ArI
1	1415	6418.3703	ArII
1	1503	6422.1075	ThI
1	1522	6422.8969	ArII
1	1566	6424.8127	ThII
1	1661	6428.7733	ThI
1	1727	6431.555	ArI
1	53	6287.2554	ThI
1	102	6289.4882	ThII
1	140	6291.1915	ThI
1	177	6292.8909	ThI
1	185	6293.2424	ThI
1	265	6296.8722	ArI
1	310	6298.9027	ThI
1	354	6300.9165	ThI
1	365	6301.4128	ThI
1	406	6303.2507	ThI
1	428	6304.2423	ThII
1	505	6307.657	ArI
1	539	6309.16	ArI
1	576	6310.8101	ThI
1	617	6312.6222	ThI
1	655	6314.2693	ThI
1	688	6315.775	ThI
1	720	6317.1824	ThI
1	814	6321.3004	ThI
1	826	6321.8199	ThI
1	886	6324.3978	ThI
1	931	6326.3669	ThI
1	952	6327.2778	ThI
1	1048	6331.4137	ThI
1	1073	6332.5118	ThII
1	1089	6333.1459	ArII
1	1141	6335.406	Th
1	1193	6337.6201	ThI
1	1232	6339.3061	ThI
1	1241	6339.6684	ThI
1	1316	6342.8595	ThI
1	1393	6346.1209	ThI
1	1443	6348.2321	ArII
1	1455	6348.7375	ThI
1	1620	6355.63	ThI
1	1627	6355.9108	ThI
1	1654	6357.0229	ArII
1	1669	6357.6779	ArII
1	1692	6358.6211	ThII
1	1704	6359.1345	ThII
1	1717	6359.6744	Th
1	1779	6362.2518	ThI
1	1844	6364.8937	ArI
1	95	6220.0112	ThI
1	118	6221.0599	ThI
1	124	6221.3192	ThI
1	195	6224.5272	ThI
1	236	6226.3697	ThI
1	384	6232.9745	ThII
1	411	6234.1962	ThI
1	427	6234.8554	ThI
1	537	6239.7121	ArII
1	565	6240.9536	ThI
1	658	6245.0409	ThII
1	672	6245.6182	ThII
1	684	6246.1736	ThI
1	703	6246.9297	ThII
1	736	6248.4055	ArI
1	784	6250.4858	ThI
1	945	6257.4237	ThI
1	972	6258.6068	ThII
1	1030	6261.0642	ThII
1	1038	6261.4181	ThI
1	1116	6264.7139	ThI
1	1138	6265.6036	ThI
1	1150	6266.1737	ThII
1	1198	6268.2001	ThI
1	1278	6271.5444	ThI
1	1339	6274.1166	ThII
1	1388	6276.1646	ThI
1	1414	6277.2385	ThII
1	1460	6279.1666	ThII
1	1479	6279.9776	ThI
1	1608	6285.278	ThII
1	1626	6286.0453	ThI
1	1656	6287.2554	ThI
1	1710	6289.4882	ThII
1	1752	6291.1915	ThI
1	1793	6292.8909	ThI
1	1802	6293.2424	ThI
1	1891	6296.8722	ArI
1	57	6150.683	ThI
1	86	6151.9929	ThI
1	133	6154.0682	ThI
1	142	6154.5162	ThI
1	159	6155.2385	ArI
1	166	6155.581	ThI
1	200	6157.0878	ThI
1	297	6161.3534	ThI
1	315	6162.17	Th
1	333	6162.9699	ThI
1	368	6164.4796	ThI
1	382	6165.1232	ArI
1	490	6169.8221	ThI
1	498	6170.174	ArI
1	546	6172.2778	ArII
1	565	6173.0964	ArI
1	688	6178.4315	ThI
1	722	6179.8488	ThII
1	741	6180.705	ThI
1	786	6182.6217	ThI
1	892	6187.135	ArII
1	915	6188.1251	ThI
1	939	6189.1449	ThI
1	1004	6191.9053	ThI
1	1050	6193.8563	ThII
1	1085	6195.321	ThI
1	1111	6196.3965	ThII
1	1155	6198.2227	ThI
1	1207	6200.4325	ThII
1	1224	6201.1002	ArII
1	1281	6203.4925	ThI
1	1296	6204.1281	ThII
1	1323	6205.2561	ThII
1	1338	6205.8599	ThI
1	1371	6207.2201	ThI
1	1384	6207.7504	ThI
1	1406	6208.6869	ThI
1	1413	6208.9861	ThI
1	1437	6209.9496	ThI
1	1499	6212.5031	ArI
1	1583	6215.9383	ArI
1	1683	6220.0112	ThI
1	1709	6221.0599	ThI
1	1715	6221.3192	ThI
1	1795	6224.5272	ThI
1	1840	6226.3697	ThI
1	76	6085.3748	ThI
1	119	6087.2622	ThII
1	136	6088.0305	ThI
1	191	6090.4482	ThI
1	199	6090.7848	ArI
1	345	6097.1945	ThII
1	366	6098.1205	Th
1	382	6098.8031	ArI
1	389	6099.0831	ThII
1	436	6101.1615	ArI
1	449	6101.7251	ThI
1	540	6105.6351	ArI
1	568	6106.8431	ThI
1	584	6107.5337	ThI
1	708	6112.8375	ThII
1	723	6113.4657	ArI
1	749	6114.5392	ThI
1	758	6114.9234	ArII
1	787	6116.1661	ThI
1	870	6119.6998	ThI
1	891	6120.5564	ThII
1	958	6123.3619	ArII
1	969	6123.8331	ThI
1	984	6124.4805	ThI
1	1014	6125.7396	ThII
1	1055	6127.416	ArI
1	1105	6129.5458	ThI
1	1164	6131.9636	ThII
1	1309	6137.926	ThI
1	1327	6138.6465	ThII
1	1476	6144.7581	ThI
1	1493	6145.4411	ArI
1	1623	6150.683	ThI
1	1655	6151.9929	ThI
1	1707	6154.0682	ThI
1	1718	6154.5162	ThI
1	1736	6155.2385	ArI
1	1744	6155.581	ThI
1	1782	6157.0878	ThI
1	1889	6161.3534	ThI
1	54	6019.6385	ThI
1	68	6020.2715	Th
1	86	6021.0357	ThI
1	95	6021.4113	ThII
1	136	6023.2242	ThI
1	180	6025.15	ArI
1	194	6025.7779	ThI
1	200	6026.0448	ThI
1	251	6028.2713	ThI
1	274	6029.2257	ThI
1	283	6029.65	ThI
1	302	6030.445	ThI
1	341	6032.1274	ArI
1	358	6032.8726	ThI
1	371	6033.4131	ThI
1	412	6035.1923	ThI
1	449	6036.7622	ThI
1	471	6037.6975	ThI
1	494	6038.6805	ThI
1	585	6042.5898	ThI
1	601	6043.2233	ArI
1	629	6044.4327	ThII
1	687	6046.8977	ArII
1	739	6049.051	ThI
1	784	6050.9818	ThI
1	826	6052.7229	ArI
1	842	6053.3808	ThI
1	895	6055.5937	ThI
1	957	6058.1813	ThII
1	986	6059.3725	ArI
1	1038	6061.5361	ThI
1	1116	6064.7508	ArI
1	1141	6065.7799	ThI
1	1159	6066.4973	ThII
1	1173	6067.0803	ThII
1	1221	6069.0207	ThI
1	1253	6070.3412	Th
1	1321	6073.1036	ThII
1	1420	6077.1057	ThI
1	1439	6077.8728	ThI
1	1452	6078.4212	ThI
1	1472	6079.2227	ThI
1	1626	6085.3748	ThI
1	1673	6087.2622	ThII
1	1693	6088.0305	ThI
1	1762	6090.7848	ArI
1	315	5967.5099	ThI
1	334	5968.3199	ArI
1	367	5969.7373	ThI
1	384	5970.4506	ThI
1	411	5971.6008	ArI
1	431	5972.4351	ThI
1	460	5973.6649	ThI
1	493	5975.0648	ThI
1	760	5986.2665	ThI
1	785	5987.3016	ArI
1	827	5989.0447	ThII
1	875	5991.0071	ThI
1	935	5993.4941	ThI
1	951	5994.1287	ThI
1	978	5995.2198	ThI
1	1012	5996.6297	ThI
1	1070	5998.9987	ArI
1	1113	6000.7622	ThI
1	1124	6001.2033	ThI
1	1137	6001.7339	ThI
1	1222	6005.165	ThI
1	1236	6005.7242	ArI
1	1269	6007.0722	ThI
1	1346	6010.1606	ThI
1	1358	6010.5994	Th
1	1380	6011.5337	ThI
1	1434	6013.6777	ArI
1	1478	6015.4218	ThII
1	1501	6016.3589	ThI
1	1567	6018.9934	ThII
1	1584	6019.6385	ThI
1	1600	6020.2715	Th
1	1619	6021.0357	ThI
1	1629	6021.4113	ThII
1	1674	6023.2242	ThI
1	1724	6025.15	ArI
1	1741	6025.7779	ThI
1	1747	6026.0448	ThI
1	1803	6028.2713	ThI
1	1828	6029.2257	ThI
1	1838	6029.65	ThI
1	1859	6030.445	ThI
1	66	5894.6979	ThI
1	79	5895.2818	ThI
1	94	5895.9281	Th
1	105	5896.3631	ThII
1	114	5896.7885	ThI
1	186	5899.8441	ThI
1	251	5902.6021	ThI
1	287	5904.1592	ThII
1	311	5905.1763	ThI
1	321	5905.5707	ThI
1	455	5911.2296	ThI
1	476	5912.0853	ArI
1	506	5913.3638	ThI
1	531	5914.3856	ThII
1	538	5914.6709	Th
1	585	5916.7282	ThI
1	640	5918.9442	ThI
1	797	5925.4036	ThI
1	817	5926.2321	ThI
1	881	5928.813	ArI
1	897	5929.4802	ThII
1	908	5929.9343	ThI
1	969	5932.4274	ThI
1	1067	5936.3861	ThI
1	1079	5936.874	ThI
1	1086	5937.1619	ThI
1	1099	5937.6634	ThI
1	1105	5937.9252	ThI
1	1119	5938.457	ThII
1	1128	5938.8252	ThI
1	1171	5940.5653	ThI
1	1216	5942.3585	Th
1	1243	5943.4653	ThI
1	1273	5944.6472	ThI
1	1313	5946.2347	ThI
1	1378	5948.7991	ThI
1	1412	5950.4265	ThI
1	1498	5953.5825	ThI
1	1526	5954.5852	ThI
1	1528	5954.8839	Th
1	1549	5955.5616	ThI
1	1567	5956.2588	ThI
1	1601	5957.5885	ThI
1	1683	5960.7806	ThI
1	1856	5967.5099	ThI
1	1877	5968.3199	ArI
1	74	5834.2633	ArI
1	185	5838.9502	ThII
1	206	5839.8514	ThI
1	225	5840.6404	ThI
1	258	5842.05	ThI
1	300	5843.8069	ThI
1	324	5844.7909	ThI
1	351	5845.9188	ThI
1	513	5852.6806	ThI
1	533	5853.4745	ThI
1	548	5854.1207	ThI
1	582	5855.4986	ThI
1	627	5857.4491	Th
1	661	5858.7543	ThI
1	682	5859.6687	ThII
1	699	5860.3103	ArI
1	783	5863.7184	ThI
1	859	5866.8119	ThI
1	898	5868.3745	ThI
1	934	5869.8507	ThI
1	952	5870.5526	ThII
1	967	5871.1828	ThI
1	1003	5872.6028	ThII
1	1009	5872.8842	Th
1	1039	5874.0383	ThI
1	1047	5874.3513	ThII
1	1063	5874.9865	ThI
1	1145	5878.2764	ThII
1	1166	5879.1265	ThI
1	1255	5882.6242	ArI
1	1279	5883.6247	Th
1	1290	5884.0331	ThI
1	1333	5885.7016	ThI
1	1354	5886.5314	ThI
1	1398	5888.2622	ThII
1	1406	5888.5841	ArI
1	1441	5889.9531	Th
1	1480	5891.451	ThI
1	1505	5892.4328	ThI
1	1532	5893.4747	ThII
1	1563	5894.6979	ThI
1	1578	5895.2818	ThI
1	1595	5895.9281	Th
1	1606	5896.3631	ThII
1	1617	5896.7885	ThI
1	1696	5899.8441	ThI
1	1768	5902.6021	ThI
1	1808	5904.1592	ThII
1	1835	5905.1763	ThI
1	1845	5905.5707	ThI
1	196	5779.8352	ThI
1	240	5781.6588	ThI
1	256	5782.3139	ThI
1	317	5784.8625	ThII
1	433	5789.6451	ThI
1	483	5791.7036	ThI
1	501	5792.4304	ThI
1	590	5796.0683	ThI
1	621	5797.3194	ThI
1	649	5798.478	ThI
1	708	5800.8297	ThI
1	738	5802.0798	ArI
1	790	5804.1412	ThI
1	828	5805.7017	ThI
1	878	5807.6814	ThI
1	902	5808.6569	ThI
1	982	5811.8445	ThI
1	1011	5812.9725	ThI
1	1073	5815.4219	ThII
1	1131	5817.7348	ThII
1	1149	5818.4495	ThI
1	1166	5819.1272	ThI
1	1179	5819.6027	ThI
1	1186	5819.9	ThI
1	1198	5820.3799	ThII
1	1253	5822.5217	ThII
1	1260	5822.7933	ThI
1	1422	5829.1097	ThI
1	1442	5829.8625	Th
1	1467	5830.8272	ThI
1	1507	5832.3705	ThI
1	1556	5834.2633	ArI
1	1678	5838.9502	ThII
1	1702	5839.8514	ThI
1	1723	5840.6404	ThI
1	1758	5842.05	ThI
1	1806	5843.8069	ThI
1	1832	5844.7909	ThI
1	1862	5845.9188	ThI
1	51	5715.5251	Th
1	59	5715.7244	ThI
1	94	5717.1711	ThI
1	102	5717.5246	ThI
1	140	5719.0971	ThI
1	153	5719.6227	ThI
1	166	5720.1828	ThI
1	196	5721.4243	ThI
1	270	5724.4638	ThI
1	292	5725.3885	ThI
1	305	5725.8959	Th
1	332	5727.0131	ThI
1	349	5727.7103	ThI
1	405	5729.9823	ThI
1	444	5731.6022	ThI
1	479	5732.975	ThII
1	500	5733.8851	ThI
1	553	5736.0297	ThI
1	626	5738.9669	ThI
1	640	5739.5196	ArI
1	681	5741.1705	ThII
1	698	5741.829	ThI
1	704	5742.0838	ThII
1	794	5745.6755	ThII
1	832	5747.1931	ThI
1	871	5748.7412	ThI
1	888	5749.3883	ThII
1	898	5749.7862	ThI
1	980	5753.0265	ThI
1	1172	5760.5508	ThI
1	1197	5761.5272	ThI
1	1230	5762.7941	ThI
1	1249	5763.529	ThI
1	1359	5767.7785	ThI
1	1370	5768.1812	ThI
1	1463	5771.7601	ThI
1	1472	5772.1143	ArI
1	1520	5773.9463	ThI
1	1578	5776.1678	ThI
1	1611	5777.4006	ThI
1	1675	5779.8352	ThI
1	1723	5781.6588	ThI
1	1740	5782.3139	ThI
1	1808	5784.8625	ThII
1	73	5659.1272	ArI
1	111	5660.6594	ThI
1	168	5663.042	ThI
1	207	5664.621	ThI
1	221	5665.1799	ThI
1	231	5665.6283	ThII
1	251	5666.4185	ThI
1	268	5667.1281	ThI
1	366	5671.0711	ThI
1	434	5673.8358	ThI
1	462	5674.9864	ThI
1	476	5675.5016	ThI
1	514	5677.0529	ThI
1	562	5679.005	ThI
1	635	5681.9001	ArI
1	718	5685.1921	ThI
1	772	5687.3489	ThI
1	857	5690.6934	ThI
1	882	5691.6612	ArII
1	1003	5696.3904	ThI
1	1052	5698.2937	ThI
1	1108	5700.4584	ThII
1	1120	5700.9176	ThII
1	1165	5702.6511	ThI
1	1199	5703.9411	ThII
1	1243	5705.6371	ThI
1	1281	5707.1033	ThII
1	1322	5708.6794	ThI
1	1409	5711.9957	ThI
1	1508	5715.7244	ThI
1	1546	5717.1711	ThI
1	1555	5717.5246	ThI
1	1597	5719.0971	ThI
1	1611	5719.6227	ThI
1	1626	5720.1828	ThI
1	1659	5721.4243	ThI
1	1740	5724.4638	ThI
1	1765	5725.3885	ThI
1	1779	5725.8959	Th
1	1808	5727.0131	ThI
1	1827	5727.7103	ThI
1	1888	5729.9823	ThI
1	63	5602.6261	ThI
1	108	5604.5154	ThII
1	127	5605.2957	Th
1	154	5606.3861	ThI
1	163	5606.733	ArI
1	233	5609.5735	ThI
1	260	5610.6809	ThI
1	295	5612.0679	ThI
1	308	5612.6174	ThI
1	376	5615.3195	ThI
1	386	5615.7286	ThII
1	410	5616.6908	ThI
1	427	5617.2897	ThI
1	434	5617.6417	ThI
1	492	5619.9755	ThI
1	516	5620.9213	ArI
1	538	5621.7884	ThI
1	617	5624.9129	ThI
1	636	5625.6782	ArII
1	646	5626.0599	ThII
1	663	5626.7369	ThII
1	730	5629.3098	ThI
1	754	5630.2969	ThI
1	831	5633.295	ThI
1	897	5635.8792	ThI
1	997	5639.7461	ThII
1	1085	5643.1086	ThI
1	1172	5646.4514	ThI
1	1205	5647.7069	ThI
1	1231	5648.6863	ArI
1	1239	5648.991	ThI
1	1284	5650.7043	ArI
1	1342	5652.902	ThII
1	1372	5654.0234	ThII
1	1384	5654.5185	ThII
1	1476	5657.9255	ThI
1	1508	5659.1272	ArI
1	1550	5660.6594	ThI
1	1613	5663.042	ThI
1	1655	5664.621	ThI
1	1670	5665.1799	ThI
1	1682	5665.6283	ThII
1	1723	5667.1281	ThI
1	75	5548.1758	ThI
1	154	5551.3719	ThII
1	185	5552.6229	ThI
1	257	5555.5312	ThI
1	273	5556.1487	ThII
1	295	5557.0454	ThI
1	317	5557.9214	ThI
1	328	5558.3422	ThI
1	337	5558.702	ArI
1	367	5559.8912	ThI
1	476	5564.2011	ThII
1	572	5567.9986	ThI
1	587	5568.5397	ThI
1	670	5570.9268	ThI
1	654	5571.1913	ThI
1	677	5572.0951	ThI
1	688	5572.4649	ThI
1	710	5573.3535	ThI
1	722	5573.8708	ThII
1	750	5574.9153	ThI
1	783	5576.2045	ThI
1	821	5577.6845	ArII
1	865	5579.3583	ThI
1	883	5580.0771	ThI
1	886	5580.3924	ThI
1	901	5580.7547	ThI
1	943	5582.3666	ThI
1	956	5582.8665	ThI
1	980	5583.7621	ThII
1	1065	5587.0263	ThI
1	1230	5593.2683	ThII
1	1239	5593.6129	Th
1	1278	5595.0635	ThI
1	1342	5597.4756	ArI
1	1401	5599.6548	ThI
1	1440	5601.1216	ArI
1	1453	5601.6032	ThI
1	1481	5602.6261	ThI
1	1532	5604.5154	ThII
1	1553	5605.2957	Th
1	1582	5606.3861	ThI
1	1592	5606.733	ArI
1	1669	5609.5735	ThI
1	1699	5610.6809	ThI
1	1737	5612.0679	ThI
1	1752	5612.6174	ThI
1	1826	5615.3195	ThI
1	76	5494.3306	ThI
1	114	5495.8738	ArI
1	121	5496.137	ThI
1	172	5498.1841	ArII
1	199	5499.2554	ThI
1	209	5499.6478	ThI
1	250	5501.2814	ThI
1	267	5501.9439	ThII
1	326	5504.3018	ThI
1	372	5506.1128	ArI
1	393	5506.9196	ThI
1	409	5507.5385	ThI
1	435	5508.5585	ThI
1	471	5509.9938	ThI
1	489	5510.6832	ThII
1	499	5511.0608	Th
1	540	5512.7002	ThI
1	548	5512.9793	Th
1	584	5514.376	ArII
1	597	5514.8731	ThI
1	672	5517.7952	ThII
1	703	5518.9893	ThI
1	710	5519.2353	ThI
1	775	5521.7532	ThI
1	814	5523.1675	ThI
1	840	5524.2188	ThII
1	849	5524.5824	ThI
1	859	5524.957	ArI
1	921	5527.2953	ThI
1	945	5528.2272	ThI
1	966	5529.0972	ThI
1	994	5530.0763	ThI
1	1010	5530.6977	ThII
1	1150	5535.971	ThI
1	1181	5537.1307	ThII
1	1193	5537.5563	ThI
1	1221	5538.6087	ThI
1	1239	5539.2618	ThI
1	1256	5539.9106	ThII
1	1289	5541.1466	ThI
1	1301	5541.5815	ThI
1	1310	5541.9357	ThI
1	1336	5542.89	ThI
1	1395	5545.0495	ArII
1	1415	5545.8058	ThI
1	1424	5546.1204	ThII
1	1451	5547.1339	ThI
1	1479	5548.1758	ThI
1	1567	5551.3719	ThII
1	1601	5552.6229	ThI
1	1681	5555.5312	ThI
1	1698	5556.1487	ThII
1	1722	5557.0454	ThI
1	1746	5557.9214	ThI
1	1758	5558.3422	ThI
1	1768	5558.702	ArI
1	1801	5559.8912	ThI
1	118	5443.1187	ThII
1	219	5447.1536	Th
1	247	5448.2719	ThI
1	278	5449.4788	ThII
1	289	5449.8974	ThII
1	300	5450.5104	ThI
1	334	5451.652	ArI
1	348	5452.2187	ThI
1	424	5455.1524	Th
1	523	5458.9676	Th
1	571	5460.7504	Th
1	594	5461.7358	ThII
1	617	5462.6129	ThII
1	635	5463.3214	ThI
1	647	5463.7697	ThI
1	659	5464.2055	ThI
1	736	5467.1704	ThI
1	815	5470.146	ThI
1	831	5470.7591	ThI
1	983	5476.4856	Th
1	998	5477.054	ThII
1	1011	5477.5522	ThI
1	1044	5478.7446	ThI
1	1052	5479.0751	ThI
1	1101	5480.8907	ThII
1	1117	5481.4813	ThII
1	1131	5481.9629	ThII
1	1161	5483.1445	ThI
1	1189	5484.1467	ThII
1	1200	5484.5596	ThI
1	1289	5487.8414	ThI
1	1310	5488.6287	ThII
1	1318	5488.9254	ThII
1	1351	5490.1194	ArI
1	1420	5492.6435	ThI
1	1435	5493.204	ThI
1	1466	5494.3306	ThI
1	1509	5495.8738	ArI
1	1516	5496.137	ThI
1	1572	5498.1841	ArII
1	1602	5499.2554	ThI
1	1613	5499.6478	ThI
1	1658	5501.2814	ThI
1	1676	5501.9439	ThII
1	1742	5504.3018	ThI
1	1792	5506.1128	ArI
1	1816	5506.9196	ThI
1	1832	5507.5385	ThI
1	1861	5508.5585	ThI
1	63	5388.9061	ThII
1	112	5391.076	ThII
1	151	5392.5726	ThII
1	177	5393.5995	ArII
1	186	5393.9719	ThI
1	207	5394.7608	ThI
1	241	5396.1127	ThI
1	277	5397.516	ArII
1	295	5398.2047	ThI
1	308	5398.7015	ThI
1	313	5398.9219	ThI
1	320	5399.1745	Th
1	332	5399.6218	ThI
1	345	5400.1455	ThI
1	409	5402.6048	ArII
1	424	5403.1993	ThI
1	476	5405.2097	ThII
1	533	5407.3439	ArII
1	541	5407.6535	ThI
1	623	5410.7687	ThI
1	665	5412.2212	Th
1	722	5414.5246	Th
1	748	5415.5226	ThI
1	800	5417.4858	ThI
1	844	5419.1285	ThI
1	904	5421.3517	ArI
1	912	5421.6628	ThI
1	917	5421.8359	ThII
1	946	5422.9151	ThI
1	975	5424.0079	ThI
1	995	5424.7296	Th
1	1020	5425.6783	ThII
1	1040	5426.4075	ThI
1	1073	5427.6207	ThI
1	1113	5429.1048	ThI
1	1153	5430.5977	ThI
1	1167	5431.112	ThI
1	1181	5431.6053	ThI
1	1212	5432.765	Th
1	1227	5433.2919	ThII
1	1238	5433.7005	ThII
1	1250	5434.1514	ThI
1	1277	5435.1229	ThII
1	1298	5435.8925	ThII
1	1315	5436.498	ThII
1	1339	5437.3877	ThII
1	1411	5439.9891	ArI
1	1428	5440.6015	ThI
1	1610	5447.1536	Th
1	1641	5448.2719	ThI
1	1675	5449.4788	ThII
1	1687	5449.8974	ThII
1	1704	5450.5104	ThI
1	1736	5451.652	ArI
1	1752	5452.2187	ThI
1	105	5339.8952	Th
1	120	5340.4982	ThI
1	200	5343.5812	ThI
1	245	5345.3117	Th
1	272	5346.3778	ThII
1	314	5347.9714	ThI
1	322	5348.3092	ThI
1	341	5349.0054	ThI
1	396	5351.1265	ThI
1	415	5351.8365	ThI
1	487	5354.6016	ThI
1	515	5355.6365	ThI
1	596	5358.7059	ThI
1	626	5359.8269	ThI
1	634	5360.1501	ThI
1	661	5361.1556	ThI
1	690	5362.2506	ThII
1	699	5362.5751	ThI
1	727	5363.6073	ThII
1	918	5370.7096	ThI
1	929	5371.1238	ThI
1	972	5372.7027	ThI
1	1029	5374.8219	Th
1	1044	5375.3526	ThII
1	1055	5375.7688	ThII
1	1065	5376.1304	Th
1	1083	5376.7809	ThI
1	1139	5378.8356	ThI
1	1147	5379.1105	ThI
1	1209	5381.3709	ThI
1	1252	5382.9276	ThII
1	1282	5384.0356	ThII
1	1354	5386.6107	ThI
1	1387	5387.8131	Th
1	1394	5388.0507	ThI
1	1478	5391.076	ThII
1	1520	5392.5726	ThII
1	1549	5393.5995	ArII
1	1560	5393.9719	ThI
1	1582	5394.7608	ThI
1	1659	5397.516	ArII
1	1679	5398.2047	ThI
1	1693	5398.7015	ThI
1	1699	5398.9219	ThI
1	1706	5399.1745	Th
1	1719	5399.6218	ThI
1	1734	5400.1455	ThI
1	1804	5402.6048	ArII
1	1821	5403.1993	ThI
1	153	5291.8163	ThI
1	220	5294.3971	ThI
1	238	5295.0886	ThI
1	269	5296.2787	ThI
1	299	5297.4075	ThI
1	308	5297.7431	ThI
1	322	5298.2824	ThI
1	329	5298.5601	ThI
1	381	5300.5234	ThI
1	404	5301.4043	ThII
1	459	5303.4833	ThI
1	553	5306.9864	ThI
1	565	5307.4655	ThII
1	588	5308.3105	ThI
1	622	5309.6093	ThI
1	640	5310.2665	ThII
1	657	5310.8662	ThII
1	687	5312.0018	ThI
1	701	5312.5288	ThI
1	711	5312.9045	ThI
1	774	5315.2278	ThI
1	836	5317.4944	ThI
1	853	5318.1104	ThI
1	861	5318.4268	ThII
1	907	5320.0985	Th
1	925	5320.7699	ThII
1	984	5322.8988	ThI
1	997	5323.4002	ThI
1	1045	5325.1438	ThII
1	1053	5325.4317	ThI
1	1076	5326.2774	ThI
1	1096	5326.9756	ThI
1	1162	5329.3745	ThII
1	1171	5329.7559	ThII
1	1182	5330.0804	ThI
1	1228	5331.7477	ThI
1	1274	5333.3846	ThI
1	1375	5337.0154	Th
1	1421	5338.6405	ThI
1	1456	5339.8952	Th
1	1473	5340.4982	ThI
1	1561	5343.5812	ThI
1	1610	5345.3117	Th
1	1640	5346.3778	ThII
1	1686	5347.9714	ThI
1	1694	5348.3092	ThI
1	1715	5349.0054	ThI
1	1776	5351.1265	ThI
1	1876	5354.6016	ThI
1	68	5239.552	ThI
1	85	5240.1968	ThII
1	128	5241.8544	Th
1	134	5242.0892	ThII
1	221	5245.3781	ArII
1	269	5247.1968	ThI
1	281	5247.6547	ThII
1	366	5250.8727	ThI
1	435	5253.4441	Th
1	457	5254.2589	ThI
1	501	5255.9188	ThI
1	567	5258.3602	ThI
1	605	5259.776	ThI
1	614	5260.1041	ThI
1	651	5261.472	ThI
1	741	5264.7824	ArII
1	794	5266.7103	ThI
1	878	5269.7927	ThI
1	957	5272.6439	ThII
1	965	5272.927	ThI
1	971	5273.1317	ThI
1	998	5274.1188	ThI
1	1062	5276.4089	ThII
1	1082	5277.146	ThI
1	1092	5277.5002	ThII
1	1164	5280.0855	ThII
1	1172	5280.3441	ThI
1	1192	5281.0687	ThI
1	1207	5281.6285	ArII
1	1229	5282.3948	ThI
1	1265	5283.6959	ThI
1	1289	5284.5421	ThII
1	1356	5286.887	ArII
1	1496	5291.8163	ThI
1	1569	5294.3971	ThI
1	1589	5295.0886	ThI
1	1623	5296.2787	ThI
1	1656	5297.4075	ThI
1	1665	5297.7431	ThI
1	1681	5298.2824	ThI
1	1689	5298.5601	ThI
1	1746	5300.5234	ThI
1	1771	5301.4043	ThII
1	1832	5303.4833	ThI
1	52	5190.872	ThII
1	130	5193.8256	ThII
1	147	5194.4576	ThI
1	183	5195.8136	ThI
1	221	5197.236	ThI
1	262	5198.7999	ThI
1	272	5199.1637	ThI
1	348	5202.0087	ThI
1	398	5203.8479	Th
1	433	5205.1522	ThI
1	450	5205.7787	ThII
1	469	5206.4956	ThII
1	504	5207.8015	ThI
1	557	5209.7246	ThI
1	598	5211.2305	ThI
1	656	5213.3492	ThI
1	678	5214.1613	ThII
1	745	5216.5966	ThII
1	751	5216.8139	ArII
1	798	5218.5271	ThII
1	814	5219.1099	ThI
1	858	5220.7068	ThI
1	865	5220.9263	ThI
1	874	5221.271	ArI
1	902	5222.2629	ThI
1	953	5224.1226	ThII
1	1021	5226.5254	ThI
1	1068	5228.2246	ThI
1	1090	5228.9951	ThI
1	1114	5229.7945	Th
1	1151	5231.1597	ThI
1	1209	5233.2254	ThII
1	1234	5234.1069	ThI
1	1334	5237.628	ThII
1	1342	5237.9033	ThII
1	1368	5238.8137	ThI
1	1389	5239.552	ThI
1	1408	5240.1968	ThII
1	1455	5241.8544	Th
1	1462	5242.0892	ThII
1	1557	5245.3781	ArII
1	1609	5247.1968	ThI
1	1623	5247.6547	ThII
1	1716	5250.8727	ThI
1	59	5143.9165	ThI
1	96	5145.3083	ArII
1	116	5146.0557	ThI
1	145	5147.1346	ThI
1	174	5148.2115	ThII
1	200	5149.2069	ThI
1	217	5149.808	ThI
1	240	5150.7	ThI
1	265	5151.612	ThI
1	317	5153.5173	ThII
1	336	5154.243	ThI
1	354	5154.8985	ThII
1	423	5157.4257	ThI
1	455	5158.6041	ThI
1	482	5159.6202	ThI
1	535	5161.5396	ThI
1	555	5162.2846	ArI
1	587	5163.4584	ThI
1	614	5164.4014	ThI
1	651	5165.7728	ArII
1	675	5166.6553	ThI
1	729	5168.5866	ThI
1	738	5168.9225	ThI
1	775	5170.2227	ThII
1	871	5173.6715	ThI
1	888	5174.3699	ThI
1	902	5174.7988	Th
1	917	5175.3248	ThI
1	933	5175.9115	ThI
1	963	5176.961	ThI
1	981	5177.6228	ThI
1	1006	5178.48	ThI
1	1025	5179.144	ThI
1	1069	5180.7209	ThI
1	1120	5182.5269	ThII
1	1137	5183.0897	ThI
1	1143	5183.3408	ThI
1	1162	5183.9896	ThII
1	1175	5184.4534	ThI
1	1183	5184.7315	ThII
1	1197	5185.2042	ThI
1	1231	5186.4132	ThI
1	1258	5187.3374	ThI
1	1270	5187.7462	ArI
1	1287	5188.3656	ThII
1	1325	5189.6772	ThII
1	1359	5190.872	ThII
1	1445	5193.8256	ThII
1	1463	5194.4576	ThI
1	1502	5195.8136	ThI
1	1544	5197.236	ThI
1	1589	5198.7999	ThI
1	1600	5199.1637	ThI
1	1683	5202.0087	ThI
1	1737	5203.8479	Th
1	1776	5205.1522	ThI
1	1795	5205.7787	ThII
1	1816	5206.4956	ThII
1	72	5098.0432	ThII
1	142	5100.6211	ThI
1	155	5101.1299	ThI
1	305	5106.6689	ThI
1	389	5109.7331	ThI
1	412	5110.5528	ThI
1	426	5111.0611	ThI
1	432	5111.2781	ThI
1	535	5115.0448	ThI
1	598	5117.2923	Th
1	623	5118.2023	ArI
1	743	5122.4995	ThI
1	827	5125.4895	ThI
1	840	5125.9502	ThI
1	912	5128.4897	ThI
1	961	5130.2338	ThI
1	985	5131.072	ThII
1	1011	5131.9924	ThI
1	1043	5133.1051	Th
1	1090	5134.746	ThI
1	1129	5136.121	ThI
1	1168	5137.4733	ThI
1	1263	5140.7736	ThI
1	1293	5141.7827	ArII
1	1336	5143.2673	ThII
1	1354	5143.9165	ThI
1	1387	5145.0383	ThII
1	1395	5145.3083	ArII
1	1417	5146.0557	ThI
1	1448	5147.1346	ThI
1	1480	5148.2115	ThII
1	1509	5149.2069	ThI
1	1552	5150.7	ThI
1	1580	5151.612	ThI
1	1635	5153.5173	ThII
1	1657	5154.243	ThI
1	1677	5154.8985	ThII
1	1787	5158.6041	ThI
1	1817	5159.6202	ThI
1	1874	5161.5396	ThI
1	1896	5162.2846	ArI
1	56	5051.8887	ThI
1	149	5055.3473	ThII
1	221	5057.9866	ThII
1	273	5059.8611	ThI
1	310	5061.2225	ThII
1	322	5061.6562	ThI
1	333	5062.0371	ArII
1	357	5062.9325	ThI
1	373	5063.5157	ThI
1	387	5063.9988	ThI
1	403	5064.602	ThI
1	413	5064.9454	ThI
1	420	5065.1926	ThI
1	446	5066.1355	ThI
1	464	5066.7773	ThI
1	474	5067.1379	ThI
1	497	5067.9737	ThI
1	521	5068.8293	ThI
1	535	5069.3384	ThI
1	603	5071.7534	ThII
1	627	5072.6288	ThII
1	684	5074.6465	ThI
1	707	5075.4659	ThII
1	833	5079.9079	ThI
1	876	5081.4462	ThI
1	910	5082.6224	ThI
1	978	5084.9935	ThI
1	1002	5085.8392	ThI
1	1012	5086.1774	ThI
1	1099	5089.2192	ThII
1	1123	5090.0513	ThI
1	1137	5090.5455	ThI
1	1259	5094.6897	Th
1	1269	5095.0639	Th
1	1311	5096.4848	ThI
1	1356	5098.0432	ThII
1	1432	5100.6211	ThI
1	1447	5101.1299	ThI
1	1525	5103.7653	ThII
1	1612	5106.6689	ThI
1	1702	5109.7331	ThI
1	1727	5110.5528	ThI
1	1749	5111.2781	ThI
1	1862	5115.0448	ThI
1	115	5009.3344	ArII
1	296	5015.8893	ThII
1	314	5016.5356	ThI
1	331	5017.1628	ArII
1	356	5018.0535	ThI
1	391	5019.3241	ThII
1	405	5019.8062	ThI
1	425	5020.5458	ThII
1	445	5021.2531	ThI
1	466	5022.0051	ThI
1	514	5023.7084	ThI
1	605	5026.9549	ThI
1	653	5028.6556	ThI
1	664	5029.0119	ThI
1	681	5029.6295	ThII
1	689	5029.8916	ThI
1	743	5031.8147	ThI
1	814	5034.2944	ThI
1	844	5035.3375	Th
1	884	5036.7284	ThI
1	930	5038.3018	ThI
1	956	5039.2303	ThI
1	965	5039.5265	ThI
1	998	5040.6805	ThI
1	1011	5041.1224	ThI
1	1025	5041.5998	Th
1	1080	5043.5145	ThI
1	1116	5044.7195	ThI
1	1131	5045.2481	ThI
1	1163	5046.3527	Th
1	1171	5046.6372	Th
1	1184	5047.0434	ThI
1	1195	5047.4283	ThII
1	1264	5049.796	ThII
1	1293	5050.7842	ThI
1	1326	5051.8887	ThI
1	1428	5055.3473	ThII
1	1507	5057.9866	ThII
1	1518	5058.3611	ThI
1	1563	5059.8611	ThI
1	1604	5061.2225	ThII
1	1617	5061.6562	ThI
1	1628	5062.0371	ArII
1	1655	5062.9325	ThI
1	1673	5063.5157	ThI
1	1688	5063.9988	ThI
1	1706	5064.602	ThI
1	1716	5064.9454	ThI
1	1723	5065.1926	ThI
1	1752	5066.1355	ThI
1	1771	5066.7773	ThI
1	1782	5067.1379	ThI
1	1808	5067.9737	ThI
1	1834	5068.8293	ThI
1	1849	5069.3384	ThI
1	55	4963.1881	ThII
1	107	4965.0795	ArII
1	125	4965.7315	ThI
1	209	4968.7556	ThII
1	245	4970.0785	ThI
1	304	4972.1597	ArII
1	410	4975.9485	ThII
1	428	4976.5938	ThII
1	451	4977.3906	ThI
1	530	4980.1859	ThI
1	551	4980.9513	ThII
1	595	4982.4875	ThI
1	625	4983.5324	Th
1	678	4985.3725	ThI
1	694	4985.9486	ThI
1	729	4987.147	ThII
1	741	4987.5582	Th
1	791	4989.3086	ThI
1	811	4990.0324	ThII
1	872	4992.1257	ThI
1	887	4992.6372	ThI
1	920	4993.7488	ThI
1	930	4994.1058	ThI
1	1038	4997.8189	ThII
1	1100	4999.9398	ThII
1	1109	5000.2463	ThI
1	1164	5002.0972	ThI
1	1208	5003.5981	ThI
1	1224	5004.1279	ThI
1	1345	5008.1897	ThII
1	1379	5009.3344	ArII
1	1398	5009.9367	ThI
1	1411	5010.4174	ThI
1	1443	5011.4774	ThI
1	1576	5015.8893	ThII
1	1595	5016.5356	ThI
1	1615	5017.1628	ArII
1	1642	5018.0535	ThI
1	1680	5019.3241	ThII
1	1695	5019.8062	ThI
1	1717	5020.5458	ThII
1	1762	5022.0051	ThI
1	178	4924.4223	ThII
1	206	4925.4254	ThII
1	221	4925.9501	Th
1	230	4926.2529	ThI
1	259	4927.2988	ThI
1	272	4927.7803	ThI
1	309	4929.086	ThI
1	334	4929.985	ThII
1	426	4933.2091	ArII
1	444	4933.8521	ThII
1	528	4936.7746	ThI
1	558	4937.8295	ThI
1	577	4938.5047	Th
1	610	4939.6422	ThI
1	661	4941.416	ThI
1	708	4943.0642	ThI
1	726	4943.7076	Th
1	778	4945.4587	ThI
1	813	4946.6637	ThII
1	839	4947.5752	ThII
1	918	4950.2513	ThI
1	929	4950.6264	ThII
1	990	4952.6908	ThI
1	1015	4953.532	ThI
1	1126	4957.2963	Th
1	1150	4958.0988	ThI
1	1258	4961.726	ThI
1	1268	4962.0621	ThI
1	1301	4963.1881	ThII
1	1359	4965.0795	ArII
1	1378	4965.7315	ThI
1	1469	4968.7556	ThII
1	1509	4970.0785	ThI
1	1573	4972.1597	ArII
1	1689	4975.9485	ThII
1	1819	4980.1859	ThI
1	1837	4980.7561	ThI
1	1890	4982.4875	ThI
1	67	4878.0094	ThI
1	88	4878.733	ThI
1	120	4879.8635	ArII
1	157	4881.2046	ThI
1	175	4881.8531	ThI
1	186	4882.2432	ArII
1	380	4889.0422	ArII
1	392	4889.4903	ThI
1	420	4890.4582	ThI
1	454	4891.6606	ThI
1	486	4892.7592	ThI
1	506	4893.4453	ThI
1	549	4894.9551	ThI
1	661	4898.8044	ThII
1	674	4899.2401	Th
1	756	4902.0545	ThI
1	778	4902.7943	ThI
1	786	4903.0583	ThI
1	835	4904.7516	ArII
1	908	4907.2093	Th
1	986	4909.8431	ThI
1	995	4910.1576	ThI
1	1014	4910.7929	ThI
1	1031	4911.3787	ThI
1	1051	4912.0428	ThI
1	1065	4912.5293	ThII
1	1113	4914.121	ThII
1	1152	4915.4155	ThI
1	1284	4919.8157	ThII
1	1339	4921.6134	ThII
1	1379	4922.9442	ThII
1	1424	4924.4223	ThII
1	1454	4925.4254	ThII
1	1512	4927.2988	ThI
1	1527	4927.7803	ThI
1	1567	4929.086	ThI
1	1594	4929.985	ThII
1	1694	4933.2091	ArII
1	1714	4933.8521	ThII
1	1805	4936.7746	ThI
1	1837	4937.8295	ThI
1	1894	4939.6422	ThI
1	186	4840.4744	Th
1	196	4840.8492	ThI
1	234	4842.1676	Th
1	284	4843.9413	ThI
1	291	4844.1653	ThII
1	303	4844.5597	Th
1	320	4845.1626	ThI
1	396	4847.8095	ArII
1	412	4848.3625	ThI
1	434	4849.1399	Th
1	455	4849.8617	ThI
1	472	4850.4397	ThII
1	543	4852.8685	Th
1	679	4857.5385	Th
1	703	4858.3327	ThII
1	788	4861.2167	ThI
1	803	4861.7173	ThI
1	846	4863.1724	ThII
1	914	4865.4775	ThI
1	927	4865.9105	ArII
1	998	4868.2742	ThII
1	1016	4868.8814	ThI
1	1089	4871.289	ThI
1	1111	4872.0309	ThI
1	1138	4872.9169	ThI
1	1181	4874.3645	ThI
1	1246	4876.4949	ThI
1	1262	4877.0015	ThII
1	1292	4878.0094	ThI
1	1314	4878.733	ThI
1	1333	4879.3497	ThII
1	1349	4879.8635	ArII
1	1390	4881.2046	ThI
1	1410	4881.8531	ThI
1	1422	4882.2432	ArII
1	1632	4889.0422	ArII
1	1646	4889.4903	ThI
1	1676	4890.4582	ThI
1	1748	4892.7592	ThI
1	1769	4893.4453	ThI
1	1817	4894.9551	ThI
1	207	4800.1724	ThII
1	233	4801.0517	ThI
1	316	4803.9559	ThII
1	376	4806.0205	ArII
1	438	4808.1337	ThI
1	481	4809.614	ThI
1	562	4812.3755	ThI
1	580	4813.0069	ThI
1	699	4817.0206	ThI
1	747	4818.6477	ThII
1	764	4819.193	ThI
1	802	4820.4649	ThI
1	814	4820.8847	ThI
1	835	4821.5878	ThI
1	844	4821.8646	ThI
1	873	4822.8548	ThI
1	883	4823.1823	ThII
1	896	4823.6058	ThI
1	907	4823.9967	ThI
1	927	4824.6484	ThII
1	989	4826.7004	ThI
1	1083	4829.7973	ThI
1	1123	4831.1213	ThI
1	1137	4831.5975	ThI
1	1163	4832.4233	ThI
1	1174	4832.8025	ThII
1	1205	4833.8277	ThI
1	1214	4834.097	Th
1	1345	4838.3546	ThII
1	1410	4840.4744	Th
1	1422	4840.8492	ThI
1	1517	4843.9413	ThI
1	1525	4844.1653	ThII
1	1556	4845.1626	ThI
1	1624	4847.3263	ThI
1	1639	4847.8095	ArII
1	1656	4848.3625	ThI
1	1680	4849.1399	Th
1	1703	4849.8617	ThI
1	1721	4850.4397	ThII
1	1798	4852.8685	Th
1	132	4757.2196	ArII
1	245	4761.1101	ThII
1	266	4761.8614	ThII
1	286	4762.5242	ThII
1	339	4764.3463	ThI
1	354	4764.8646	ArII
1	376	4765.595	ThI
1	405	4766.6006	ThI
1	448	4768.0578	ThII
1	601	4773.241	ThI
1	663	4775.313	ThI
1	677	4775.794	ThI
1	707	4776.7792	Th
1	719	4777.1915	ThI
1	752	4778.294	ThI
1	795	4779.7286	ThI
1	826	4780.7505	ThI
1	843	4781.2902	Th
1	887	4782.7612	ThII
1	913	4783.6389	ThII
1	1001	4786.531	ThI
1	1007	4786.725	ThI
1	1020	4787.148	ThI
1	1067	4788.6781	ThI
1	1089	4789.3868	ThI
1	1121	4790.4373	ThII
1	1154	4791.5157	ThI
1	1171	4792.0819	ArII
1	1207	4793.2446	ThI
1	1227	4793.9052	ThI
1	1290	4795.9131	ThI
1	1300	4796.2429	ThI
1	1422	4800.1724	ThII
1	1450	4801.0517	ThI
1	1500	4802.6714	ThI
1	1541	4803.9559	ThII
1	1484	4805.6063	Th
1	1606	4806.0205	ArII
1	1673	4808.1337	ThI
1	1720	4809.614	ThI
1	1807	4812.3755	ThI
1	1828	4813.0069	ThI
1	71	4715.4308	ThII
1	128	4717.3905	ThI
1	203	4719.9795	ThII
1	217	4720.4586	Th
1	227	4720.7811	ThI
1	241	4721.2765	ThI
1	250	4721.591	ArII
1	265	4722.0886	ThI
1	304	4723.4382	ThI
1	314	4723.784	ThII
1	406	4726.8683	ArII
1	434	4727.8491	ThI
1	443	4728.133	ThI
1	472	4729.1282	ThI
1	495	4729.8795	ThII
1	501	4730.0918	ThI
1	518	4730.6593	ThI
1	525	4730.8815	ThII
1	560	4732.0532	ArII
1	619	4734.0458	ThI
1	675	4735.9058	ArII
1	736	4737.9172	ThI
1	789	4739.6764	ThI
1	815	4740.5292	ThII
1	828	4740.9585	ThI
1	839	4741.3039	ThI
1	863	4742.1174	ThI
1	877	4742.5671	Th
1	911	4743.687	ThII
1	961	4745.3375	ThI
1	1032	4747.6176	ThI
1	1062	4748.5911	ThII
1	1081	4749.2002	ThI
1	1104	4749.9713	ThI
1	1180	4752.4141	ThII
1	1330	4757.2196	ArII
1	1452	4761.1101	ThII
1	1476	4761.8614	ThII
1	1497	4762.5242	ThII
1	1555	4764.3463	ThI
1	1571	4764.8646	ArII
1	1594	4765.595	ThI
1	1626	4766.6006	ThI
1	1673	4768.0578	ThII
1	1839	4773.241	ThI
1	86	4676.9721	ThI
1	123	4678.2352	ThI
1	182	4680.2377	ThI
1	194	4680.646	ThII
1	274	4683.3517	ThI
1	358	4686.1946	ThI
1	482	4690.3343	ThII
1	490	4690.6219	ThI
1	503	4691.0516	ThII
1	512	4691.3452	ThI
1	521	4691.6354	ThI
1	528	4691.8842	ThI
1	595	4694.0914	ThII
1	623	4695.0381	ThI
1	636	4695.4542	ThI
1	720	4698.2248	Th
1	779	4700.1402	ThII
1	798	4700.7711	ThI
1	845	4702.3161	ArI
1	897	4703.9898	ThI
1	951	4705.7606	ThII
1	966	4706.2511	ThII
1	991	4707.045	Th
1	1030	4708.294	ThI
1	1145	4712.0056	ThI
1	1160	4712.4814	ThI
1	1171	4712.8408	ThI
1	1229	4714.6715	ThI
1	1252	4715.4308	ThII
1	1314	4717.3905	ThI
1	1379	4719.4424	ThI
1	1396	4719.9795	ThII
1	1411	4720.4586	Th
1	1422	4720.7811	ThI
1	1437	4721.2765	ThI
1	1447	4721.591	ArII
1	1463	4722.0886	ThI
1	1506	4723.4382	ThI
1	1517	4723.784	ThII
1	1616	4726.8683	ArII
1	1648	4727.8491	ThI
1	1656	4728.133	ThI
1	1688	4729.1282	ThI
1	1713	4729.8795	ThII
1	1720	4730.0918	ThI
1	1738	4730.6593	ThI
1	1745	4730.8815	ThII
1	1783	4732.0532	ArII
1	72	4638.1259	ThI
1	88	4638.6849	ThI
1	129	4640.0462	ThII
1	233	4643.5566	ThI
1	267	4644.7072	ThI
1	326	4646.6861	ThI
1	343	4647.2509	ThI
1	425	4649.9777	ThI
1	432	4650.2343	ThI
1	472	4651.5552	ThII
1	485	4651.9895	ThII
1	583	4655.2126	Th
1	624	4656.5518	ThI
1	665	4657.9012	ArII
1	716	4659.5698	ThI
1	742	4660.3941	Th
1	809	4662.5936	ThI
1	828	4663.2026	ThI
1	883	4664.9704	ThI
1	915	4666.005	ThII
1	931	4666.5158	ThI
1	940	4666.7985	ThI
1	982	4668.1716	ThI
1	1019	4669.3561	Th
1	1029	4669.6658	ThI
1	1039	4669.9842	ThI
1	1116	4672.4372	ThI
1	1155	4673.6609	ThI
1	1208	4675.376	ThI
1	1230	4676.0555	ThI
1	1259	4676.9721	ThI
1	1299	4678.2352	ThI
1	1363	4680.2377	ThI
1	1376	4680.646	ThII
1	1462	4683.3517	ThI
1	1554	4686.1946	ThI
1	1566	4686.5715	ThII
1	1688	4690.3343	ThII
1	1697	4690.6219	ThI
1	1711	4691.0516	ThII
1	1721	4691.3452	ThI
1	1730	4691.6354	ThI
1	1810	4694.0914	ThII
1	1841	4695.0381	ThI
1	1855	4695.4542	ThI
1	52	4599.7046	ThI
1	146	4602.8862	ThII
1	154	4603.1446	ThI
1	254	4606.5021	ThII
1	280	4607.378	ThI
1	297	4607.9347	ThI
1	318	4608.6201	ThI
1	347	4609.5673	ArII
1	378	4610.6272	ThI
1	416	4611.8597	ThII
1	437	4612.5435	ThI
1	469	4613.6044	ThI
1	512	4615.024	ThI
1	522	4615.334	ThI
1	556	4616.4523	ThI
1	672	4620.2408	ThI
1	679	4620.4476	ThI
1	700	4621.1629	ThI
1	730	4622.1209	Th
1	761	4623.1169	ThI
1	785	4623.8911	ThII
1	793	4624.1365	ThII
1	798	4624.314	ThI
1	810	4624.6776	Th
1	821	4625.0538	ThII
1	828	4625.2747	ThI
1	835	4625.4938	ThI
1	891	4627.298	ThI
1	920	4628.2015	ThI
1	927	4628.4409	ArI
1	1031	4631.7617	ThII
1	1095	4633.7657	ThI
1	1205	4637.2328	ArII
1	1233	4638.1259	ThI
1	1251	4638.6849	ThI
1	1278	4639.5188	ThI
1	1283	4639.7036	ThII
1	1295	4640.0462	ThII
1	1407	4643.5566	ThI
1	1445	4644.7072	ThI
1	1509	4646.6861	ThI
1	1527	4647.2509	ThI
1	1615	4649.9777	ThI
1	1624	4650.2343	ThI
1	1667	4651.5552	ThII
1	1681	4651.9895	ThII
1	1787	4655.2126	Th
1	1876	4657.9012	ArII
1	106	4564.4054	ArII
1	119	4564.8354	ThI
1	173	4566.6497	ThII
1	191	4567.2403	ThI
1	218	4568.1426	ThI
1	230	4568.5235	ThI
1	304	4570.9722	ThI
1	311	4571.2195	ThI
1	387	4573.7038	ThII
1	397	4574.0279	ThI
1	405	4574.3058	ThI
1	434	4575.2338	ThII
1	440	4575.4259	ThII
1	560	4579.3495	ArII
1	575	4579.8272	ThI
1	617	4581.1732	Th
1	725	4584.6518	Th
1	843	4588.4261	ThI
1	889	4589.8978	ArII
1	977	4592.666	ThI
1	1007	4593.6437	ThI
1	1064	4595.4206	ThI
1	1086	4596.0967	ArI
1	1092	4596.3078	ThI
1	1171	4598.7627	ArII
1	1201	4599.7046	ThI
1	1239	4600.8717	ThI
1	1304	4602.8862	ThII
1	1312	4603.1446	ThI
1	1421	4606.5021	ThII
1	1449	4607.378	ThI
1	1467	4607.9347	ThI
1	1490	4608.6201	ThI
1	1521	4609.5673	ArII
1	1538	4610.0809	ThI
1	1556	4610.6272	ThI
1	1596	4611.8597	ThII
1	1618	4612.5435	ThI
1	1653	4613.6044	ThI
1	1700	4615.024	ThI
1	1710	4615.334	ThI
1	180	4530.3191	ThI
1	187	4530.5523	ArII
1	296	4534.1198	ThII
1	331	4535.2546	ThI
1	338	4535.4903	ArII
1	353	4535.9798	ThI
1	404	4537.6426	ArII
1	508	4540.999	ThI
1	583	4543.4153	ThI
1	597	4543.8692	ArII
1	617	4544.5142	ThII
1	634	4545.0519	ArII
1	661	4545.9156	Th
1	685	4546.6757	ThI
1	703	4547.2498	ThI
1	719	4547.7589	ArII
1	737	4548.3261	ThI
1	778	4549.6262	Th
1	784	4549.8341	ThI
1	836	4551.4736	ThI
1	857	4552.1536	ThI
1	911	4553.8376	ThII
1	974	4555.8127	ThI
1	992	4556.3872	Th
1	1055	4558.3458	ThI
1	1077	4559.0571	ThI
1	1086	4559.312	ThI
1	1151	4561.3477	ThI
1	1175	4562.0803	ThI
1	1187	4562.4756	ThI
1	1250	4564.4054	ArII
1	1264	4564.8354	ThI
1	1323	4566.6497	ThII
1	1342	4567.2403	ThI
1	1372	4568.1426	ThI
1	1384	4568.5235	ThI
1	1465	4570.9722	ThI
1	1473	4571.2195	ThI
1	1483	4571.5312	Th
1	1555	4573.7038	ThII
1	1566	4574.0279	ThI
1	1574	4574.3058	ThI
1	1605	4575.2338	ThII
1	1742	4579.3495	ArII
1	1758	4579.8272	ThI
1	1803	4581.1732	Th
1	78	4490.9816	ArII
1	150	4493.3337	ThI
1	191	4494.6907	ThI
1	241	4496.3155	ThII
1	290	4497.9144	ThI
1	309	4498.5384	ArII
1	322	4498.9401	ThI
1	335	4499.3796	ThI
1	354	4499.9832	ThI
1	373	4500.5769	Th
1	445	4502.9268	ArII
1	499	4504.6306	ThI
1	516	4505.2167	ThI
1	556	4506.473	ThI
1	585	4507.4185	Th
1	598	4507.8339	ArII
1	665	4509.9587	ThI
1	690	4510.7332	ArI
1	745	4512.4832	ThII
1	769	4513.2231	ThI
1	783	4513.6799	ThI
1	829	4515.1182	ThI
1	961	4519.2592	ThI
1	1024	4521.1939	ThI
1	1041	4521.7407	Th
1	1060	4522.323	ArI
1	1075	4522.7839	ThII
1	1119	4524.1289	ThI
1	1142	4524.8379	ThII
1	1181	4526.0286	ThII
1	1209	4526.9177	Th
1	1236	4527.7086	ThII
1	1245	4528.0208	Th
1	1321	4530.3191	ThI
1	1328	4530.5523	ArII
1	1366	4531.7134	ThII
1	1385	4532.2577	ThII
1	1412	4533.077	ThI
1	1419	4533.3042	ThII
1	1446	4534.1198	ThII
1	1484	4535.2546	ThI
1	1491	4535.4903	ArII
1	1508	4535.9798	ThI
1	1563	4537.6426	ArII
1	1675	4540.999	ThI
1	1771	4543.8692	ArII
1	1793	4544.5142	ThII
1	1811	4545.0519	ArII
1	1840	4545.9156	Th
1	1885	4547.2498	ThI
1	128	4457.2362	ThI
1	152	4458.0015	ThI
1	203	4459.5477	Th
1	231	4460.5574	ArII
1	252	4461.2412	ThI
1	261	4461.5278	ThI
1	327	4463.666	ThI
1	332	4463.8346	ThI
1	379	4465.3406	ThII
1	420	4466.6245	ThI
1	472	4468.3208	ThI
1	510	4469.5253	ThI
1	556	4470.9906	ThI
1	615	4472.8462	ThI
1	654	4474.073	ThII
1	676	4474.7594	ArII
1	691	4475.2214	ThI
1	792	4478.4032	ThI
1	798	4478.5958	ThI
1	832	4479.6376	ThI
1	852	4480.2661	ThI
1	861	4480.5453	ThI
1	902	4481.8107	ArII
1	913	4482.1693	ThI
1	951	4483.3468	ThI
1	1067	4486.8973	ThI
1	1086	4487.4955	ThII
1	1113	4488.3123	ThI
1	1125	4488.6808	ThII
1	1157	4489.6645	ThI
1	1190	4490.6715	Th
1	1200	4490.9816	ArII
1	1237	4492.1007	ThI
1	1278	4493.3337	ThI
1	1323	4494.6907	ThI
1	1332	4494.9616	ThII
1	1340	4495.2378	ThII
1	1376	4496.3155	ThII
1	1430	4497.9144	ThI
1	1450	4498.5384	ArII
1	1464	4498.9401	ThI
1	1479	4499.3796	ThI
1	1499	4499.9832	ThI
1	1518	4500.5769	Th
1	1597	4502.9268	ArII
1	1655	4504.6306	ThI
1	1675	4505.2167	ThI
1	1717	4506.473	ThI
1	1862	4510.7332	ArI
1	102	4421.5439	ThI
1	118	4422.0479	ThI
1	170	4423.7202	ThI
1	204	4424.8373	ThI
1	240	4426.0011	ArII
1	371	4430.189	ArII
1	397	4430.9963	ArII
1	436	4432.2523	ThI
1	459	4432.9628	ThII
1	476	4433.4907	ThI
1	487	4433.838	ArII
1	518	4434.8266	ThII
1	557	4436.0484	ThII
1	564	4436.2844	ThII
1	587	4436.9961	Th
1	643	4438.7464	ThI
1	655	4439.1237	ThII
1	666	4439.4614	ArII
1	679	4439.8793	ArII
1	701	4440.5737	ThII
1	711	4440.8659	ThII
1	735	4441.6084	ThI
1	782	4443.0863	ThII
1	801	4443.6657	ThI
1	845	4445.0338	ThI
1	873	4445.9012	ThI
1	916	4447.2296	ThI
1	936	4447.8346	ThII
1	970	4448.8792	ArII
1	991	4449.5206	ArII
1	1033	4450.804	ThI
1	1091	4452.5655	ThI
1	1143	4454.1392	ThI
1	1228	4456.708	ThII
1	1246	4457.2362	ThI
1	1271	4458.0015	ThI
1	1322	4459.5477	Th
1	1356	4460.5574	ArII
1	1379	4461.2412	ThI
1	1389	4461.5278	ThI
1	1460	4463.666	ThI
1	1466	4463.8346	ThI
1	1517	4465.3406	ThII
1	1560	4466.6245	ThI
1	1617	4468.3208	ThI
1	1658	4469.5253	ThI
1	1708	4470.9906	ThI
1	1772	4472.8462	ThI
1	1837	4474.7594	ArII
1	1853	4475.2214	ThI
1	223	4391.1105	ThII
1	282	4392.974	ThI
1	306	4393.759	ThI
1	342	4394.8945	ThII
1	382	4396.1394	ThI
1	392	4396.4783	ThII
1	438	4397.9149	ThII
1	475	4399.0939	ThII
1	485	4399.406	ThI
1	507	4400.0968	ArII
1	536	4400.9863	ArII
1	555	4401.5812	ThI
1	576	4402.2452	ThI
1	598	4402.9271	ThI
1	662	4404.9022	ArII
1	777	4408.4822	ThI
1	791	4408.8828	ThI
1	824	4409.8991	ThI
1	946	4413.6324	ThI
1	974	4414.4863	ThI
1	1032	4416.237	ThII
1	1052	4416.8447	ThI
1	1149	4419.7692	ThI
1	1164	4420.2571	ThI
1	1208	4421.5439	ThI
1	1225	4422.0479	ThI
1	1281	4423.7202	ThI
1	1318	4424.8373	ThI
1	1357	4426.0011	ArII
1	1499	4430.189	ArII
1	1526	4430.9963	ArII
1	1569	4432.2523	ThI
1	1593	4432.9628	ThII
1	1611	4433.4907	ThI
1	1623	4433.838	ArII
1	1792	4438.7464	ThI
1	1805	4439.1237	ThII
1	1816	4439.4614	ArII
1	1830	4439.8793	ArII
1	1855	4440.5737	ThII
1	1865	4440.8659	ThII
1	1891	4441.6084	ThI
1	63	4352.2049	ArII
1	75	4352.6122	ThI
1	101	4353.4487	ThI
1	160	4355.3205	ThII
1	166	4355.5259	Th
1	183	4356.0445	ThI
1	232	4357.6132	ThII
1	255	4358.32	ThI
1	288	4359.3719	ThI
1	313	4360.1672	ThI
1	350	4361.3071	ThII
1	374	4362.0662	ArII
1	387	4362.4721	ThI
1	429	4363.7945	ArI
1	498	4365.9301	ThI
1	531	4366.9657	Th
1	559	4367.8316	ArII
1	625	4369.8756	ThI
1	654	4370.7532	ArII
1	672	4371.329	ArII
1	710	4372.49	ArII
1	764	4374.1239	ThI
1	786	4374.7851	ThII
1	824	4375.9542	ArII
1	842	4376.5309	Th
1	897	4378.1768	ThI
1	946	4379.6668	ArII
1	966	4380.2863	ThI
1	1003	4381.4018	ThII
1	1019	4381.8601	ThII
1	1054	4382.8934	ThI
1	1112	4384.656	ThI
1	1125	4385.0566	ArII
1	1257	4388.968	Th
1	1329	4391.1105	ThII
1	1392	4392.974	ThI
1	1419	4393.759	ThI
1	1458	4394.8945	ThII
1	1500	4396.1394	ThI
1	1512	4396.4783	ThII
1	1561	4397.9149	ThII
1	1602	4399.0939	ThII
1	1613	4399.406	ThI
1	1636	4400.0968	ArII
1	1667	4400.9863	ArII
1	1687	4401.5812	ThI
1	1710	4402.2452	ThI
1	1734	4402.9271	ThI
1	1802	4404.9022	ArII
1	263	4325.2741	ThI
1	379	4328.9154	ThI
1	428	4330.412	ThI
1	441	4330.8438	ThI
1	453	4331.1995	ArII
1	480	4332.0297	ArII
1	490	4332.3395	ThI
1	530	4333.5612	ArI
1	542	4333.9369	ThII
1	587	4335.3379	ArI
1	644	4337.0708	ArII
1	651	4337.2774	ThI
1	678	4338.1078	ThI
1	736	4339.8716	ThI
1	770	4340.8954	ThI
1	821	4342.4442	ThI
1	852	4343.3817	ThI
1	871	4343.9515	ThII
1	883	4344.3265	ThII
1	893	4344.6092	Th
1	911	4345.168	ArI
1	953	4346.4367	ThI
1	1008	4348.064	ArII
1	1026	4348.5982	ThI
1	1042	4349.0722	ThI
1	1082	4350.2717	ThI
1	1147	4352.2049	ArII
1	1161	4352.6122	ThI
1	1189	4353.4487	ThI
1	1224	4354.4824	ThI
1	1252	4355.3205	ThII
1	1259	4355.5259	Th
1	1277	4356.0445	ThI
1	1330	4357.6132	ThII
1	1355	4358.32	ThI
1	1390	4359.3719	ThI
1	1418	4360.1672	ThI
1	1457	4361.3071	ThII
1	1483	4362.0662	ArII
1	1497	4362.4721	ThI
1	1543	4363.7945	ArI
1	1616	4365.9301	ThI
1	1683	4367.8316	ArII
1	1754	4369.8756	ThI
1	1785	4370.7532	ArII
1	1805	4371.329	ArII
1	1845	4372.49	ArII
1	63	4286.2285	ThI
1	141	4288.6688	ThI
1	172	4289.6551	ThI
1	241	4291.8098	ThI
1	335	4294.7193	ThI
1	363	4295.5849	ThI
1	419	4297.3066	ThI
1	440	4297.9392	ThI
1	494	4299.6352	ThI
1	501	4299.8393	ThI
1	510	4300.1008	ArI
1	528	4300.6495	ArII
1	637	4303.9892	ThI
1	651	4304.4179	Th
1	669	4304.9565	ThI
1	716	4306.3668	ThI
1	757	4307.7406	Th
1	774	4308.122	ThI
1	790	4308.6001	ThI
1	811	4309.2392	ArII
1	897	4311.7994	ThI
1	937	4312.9975	ThI
1	947	4313.3084	ThII
1	957	4313.6025	ThI
1	981	4314.3195	ThI
1	1013	4315.2543	ThI
1	1120	4318.4157	ThII
1	1143	4319.0973	ThII
1	1178	4320.1264	ThII
1	1354	4325.2741	ThI
1	1374	4325.8599	ThI
1	1439	4327.7145	ThI
1	1480	4328.9154	ThI
1	1532	4330.412	ThI
1	1547	4330.8438	ThI
1	1559	4331.1995	ArII
1	1588	4332.0297	ArII
1	1599	4332.3395	ThI
1	1642	4333.5612	ArI
1	1655	4333.9369	ThII
1	1704	4335.3379	ArI
1	1765	4337.0708	ArII
1	1772	4337.2774	ThI
1	103	4255.2373	Th
1	136	4256.2537	ThI
1	176	4257.4963	ThI
1	188	4257.8982	Th
1	209	4258.5204	ThI
1	236	4259.3619	ArI
1	268	4260.333	ThI
1	289	4260.9845	ThI
1	298	4261.2754	ThII
1	305	4261.492	ThI
1	341	4262.6124	Th
1	366	4263.3561	ThII
1	398	4264.3399	ThI
1	462	4266.2864	ArI
1	470	4266.5271	ArII
1	502	4267.5191	ThII
1	582	4269.9426	ThI
1	594	4270.329	ThII
1	609	4270.7349	ThI
1	656	4272.1689	ArI
1	679	4272.8745	ThI
1	695	4273.3574	ThII
1	718	4274.0246	ThII
1	756	4275.1596	ArII
1	811	4276.8073	ThII
1	828	4277.3139	ThII
1	835	4277.5282	ArII
1	862	4278.3232	ThI
1	886	4279.0627	ThI
1	937	4280.568	ThI
1	954	4281.0678	ThII
1	966	4281.4145	ThII
1	987	4282.0413	ThII
1	1038	4283.5184	ThII
1	1087	4284.9749	ThII
1	1130	4286.2285	ThI
1	1159	4287.0808	ThI
1	1207	4288.4694	ThI
1	1214	4288.6688	ThI
1	1248	4289.6551	ThI
1	1322	4291.8098	ThI
1	1423	4294.7193	ThI
1	1453	4295.5849	ThI
1	1461	4295.8155	ThI
1	1513	4297.3066	ThI
1	1536	4297.9392	ThI
1	1595	4299.6352	ThI
1	1602	4299.8393	ThI
1	1611	4300.1008	ArI
1	1631	4300.6495	ArII
1	1749	4303.9892	ThI
1	1783	4304.9565	ThI
1	1862	4307.1762	ThI
1	1896	4308.122	ThI
1	77	4222.6373	ArII
1	103	4223.4403	ThI
1	129	4224.2413	ThII
1	195	4226.2994	ThI
1	218	4226.9876	ArII
1	231	4227.3872	ThI
1	256	4228.158	ArII
1	288	4229.1477	ThI
1	298	4229.4546	ThII
1	312	4229.8644	ThI
1	330	4230.4267	ThI
1	343	4230.8242	ThI
1	424	4233.2873	ThII
1	496	4235.4636	ThI
1	554	4237.2198	ArII
1	667	4240.5947	ThII
1	684	4241.0948	ThI
1	738	4242.7197	ThII
1	748	4243.0195	Th
1	756	4243.2611	ThI
1	779	4243.9241	ThII
1	903	4247.5988	ThII
1	916	4247.9886	ThII
1	930	4248.3908	ThI
1	942	4248.74	Th
1	967	4249.4761	ThI
1	974	4249.6791	ThII
1	996	4250.3146	ThI
1	1011	4250.7749	ThI
1	1026	4251.1846	ArI
1	1106	4253.5385	ThI
1	1117	4253.8674	ThII
1	1165	4255.2373	Th
1	1184	4255.7972	ThI
1	1200	4256.2537	ThI
1	1243	4257.4963	ThI
1	1257	4257.8982	Th
1	1279	4258.5204	ThI
1	1308	4259.3619	ArI
1	1342	4260.333	ThI
1	1365	4260.9845	ThI
1	1375	4261.2754	ThII
1	1382	4261.492	ThI
1	1422	4262.6124	Th
1	1448	4263.3561	ThII
1	1474	4264.1064	ThII
1	1483	4264.3399	ThI
1	1551	4266.2864	ArI
1	1559	4266.5271	ArII
1	1594	4267.5191	ThII
1	1649	4269.0639	ThI
1	1680	4269.9426	ThI
1	1694	4270.329	ThII
1	1733	4271.4396	Th
1	1760	4272.1689	ArI
1	1785	4272.8745	ThI
1	1802	4273.3574	ThII
1	1826	4274.0246	ThII
1	1867	4275.1596	ArII
1	57	4190.7129	ArI
1	67	4191.0294	ArI
1	110	4192.362	ThI
1	132	4193.0164	ThI
1	194	4194.9361	ThI
1	305	4198.317	ArI
1	357	4199.8891	ArII
1	383	4200.6745	ArI
1	426	4201.9715	ArII
1	495	4204.0413	ThI
1	641	4208.4108	ThI
1	657	4208.8907	ThII
1	710	4210.4554	ThI
1	727	4210.9232	ThI
1	799	4213.0673	ThI
1	810	4213.3779	Th
1	859	4214.8285	ThI
1	886	4215.6272	ThI
1	902	4216.0698	ThI
1	912	4216.3722	ThI
1	948	4217.4308	ArII
1	991	4218.6649	ArII
1	1039	4220.0651	ThI
1	1062	4220.7323	ThI
1	1128	4222.6373	ArII
1	1156	4223.4403	ThI
1	1184	4224.2413	ThII
1	1255	4226.2994	ThI
1	1280	4226.9876	ArII
1	1294	4227.3872	ThI
1	1321	4228.158	ArII
1	1355	4229.1477	ThI
1	1381	4229.8644	ThI
1	1401	4230.4267	ThI
1	1415	4230.8242	ThI
1	1502	4233.2873	ThII
1	1579	4235.4636	ThI
1	1642	4237.2198	ArII
1	1762	4240.5947	ThII
1	1781	4241.0948	ThI
1	1857	4243.2611	ThI
1	118	4161.7389	ThI
1	143	4162.509	ThI
1	181	4163.6469	ThII
1	198	4164.1795	ArI
1	250	4165.7661	ThI
1	345	4168.6341	ThII
1	409	4170.5333	ThI
1	417	4170.7856	ThII
1	436	4171.341	Th
1	540	4174.4396	Th
1	662	4178.0597	ThII
1	673	4178.3658	ArII
1	689	4178.8481	ThI
1	727	4179.9601	ThII
1	793	4181.8836	ArI
1	830	4182.9342	ThI
1	851	4183.5645	ThII
1	870	4184.1376	ThI
1	974	4187.141	ThI
1	1098	4190.7129	ArI
1	1109	4191.0294	ArI
1	1137	4191.8269	ThII
1	1156	4192.362	ThI
1	1179	4193.0164	ThI
1	1246	4194.9361	ThI
1	1278	4195.8326	ThII
1	1366	4198.317	ArI
1	1421	4199.8891	ArII
1	1449	4200.6745	ArI
1	1495	4201.9715	ArII
1	1569	4204.0413	ThI
1	1727	4208.4108	ThI
1	1744	4208.8907	ThII
1	1783	4209.9727	ThI
1	1818	4210.9232	ThI
1	1896	4213.0673	ThI
1	107	4131.0021	ThI
1	131	4131.7235	ArII
1	165	4132.7533	ThII
1	208	4134.0681	ThI
1	255	4135.48	ThI
1	341	4138.0406	ThI
1	415	4140.235	ThII
1	490	4142.4741	ThII
1	498	4142.701	ThII
1	530	4143.6491	ThI
1	684	4148.1816	ThII
1	786	4151.1453	ThI
1	910	4154.7205	ThI
1	957	4156.086	ArII
1	972	4156.5166	ThII
1	1045	4158.5905	ArI
1	1065	4159.1537	ThI
1	1082	4159.6599	ThII
1	1156	4161.7389	ThI
1	1183	4162.509	ThI
1	1223	4163.6469	ThII
1	1242	4164.1795	ArI
1	1298	4165.7661	ThI
1	1400	4168.6341	ThII
1	1468	4170.5333	ThI
1	1497	4171.341	Th
1	1741	4178.0597	ThII
1	1752	4178.3658	ArII
1	1770	4178.8481	ThI
1	1810	4179.9601	ThII
1	1881	4181.8836	ArI
1	84	4100.3414	ThI
1	159	4102.6177	ThI
1	202	4103.9121	ArII
1	250	4105.3301	ThII
1	269	4105.915	ThII
1	308	4107.0506	Th
1	335	4107.8614	ThI
1	354	4108.4198	ThII
1	385	4109.3234	ThI
1	436	4110.826	ThI
1	501	4112.7545	ThI
1	527	4113.5575	ThII
1	604	4115.7589	ThI
1	625	4116.3753	ArII
1	636	4116.7137	ThII
1	698	4118.4893	ThI
1	890	4124.0403	ThI
1	1009	4127.412	Th
1	1031	4128.0499	ThI
1	1052	4128.64	ArII
1	1083	4129.5116	Th
1	1112	4130.3247	Th
1	1136	4131.0021	ThI
1	1161	4131.7235	ArII
1	1198	4132.7533	ThII
1	1245	4134.0681	ThI
1	1254	4134.3235	ThI
1	1295	4135.48	ThI
1	1387	4138.0406	ThI
1	1466	4140.235	ThII
1	1547	4142.4741	ThII
1	1556	4142.701	ThII
1	1590	4143.6491	ThI
1	1756	4148.1816	ThII
1	64	4070.2383	ThI
1	83	4070.7835	ArII
1	115	4071.7513	ThI
1	123	4072.0047	ArII
1	136	4072.3849	ArII
1	186	4073.8563	ThI
1	241	4075.503	ThI
1	279	4076.6284	ArII
1	290	4076.9432	ArII
1	379	4079.5738	ArII
1	405	4080.358	ThI
1	416	4080.7058	ThI
1	440	4081.3678	ThI
1	475	4082.3872	ArII
1	512	4083.4688	ThI
1	566	4085.0421	ThII
1	580	4085.4341	ThI
1	617	4086.5205	ThII
1	644	4087.2848	ThI
1	694	4088.7264	ThI
1	708	4089.1379	ThI
1	785	4091.3476	ThI
1	857	4093.3921	ThII
1	867	4093.6713	ThI
1	904	4094.747	ThII
1	951	4096.0759	ThI
1	1010	4097.7478	ThI
1	1045	4098.7316	ThI
1	1053	4098.9327	ThII
1	1103	4100.3414	ThI
1	1184	4102.6177	ThI
1	1230	4103.9121	ArII
1	1247	4104.3821	ThII
1	1264	4104.8385	Th
1	1282	4105.3301	ThII
1	1302	4105.915	ThII
1	1343	4107.0506	Th
1	1373	4107.8614	ThI
1	1393	4108.4198	ThII
1	1426	4109.3234	ThI
1	1480	4110.826	ThI
1	1551	4112.7545	ThI
1	1661	4115.7589	ThI
1	1683	4116.3753	ArII
1	1696	4116.7137	ThII
1	123	4042.8937	ArII
1	140	4043.3948	ThI
1	175	4044.4179	ArI
1	227	4045.9654	ArI
1	349	4049.5361	ThI
1	363	4049.9447	ThI
1	395	4050.8872	Th
1	403	4051.109	Th
1	465	4052.9208	ArII
1	486	4053.5277	ThI
1	521	4054.5258	ArI
1	685	4059.2529	ThI
1	831	4063.4071	ThI
1	864	4064.3315	ThI
1	974	4067.4507	ThI
1	1037	4069.2014	ThII
1	1046	4069.4612	ThI
1	1074	4070.2383	ThI
1	1093	4070.7835	ArII
1	1128	4071.7513	ThI
1	1138	4072.0047	ArII
1	1151	4072.3849	ArII
1	1160	4072.6284	Th
1	1204	4073.8563	ThI
1	1264	4075.503	ThI
1	1279	4075.907	ThI
1	1304	4076.6284	ArII
1	1316	4076.9432	ArII
1	1386	4078.8751	Th
1	1412	4079.5738	ArII
1	1440	4080.358	ThI
1	1452	4080.7058	ThI
1	1477	4081.3678	ThI
1	1515	4082.3872	ArII
1	1555	4083.4688	ThI
1	1613	4085.0421	ThII
1	1627	4085.4341	ThI
1	1668	4086.5205	ThII
1	1696	4087.2848	ThI
1	1750	4088.7264	ThI
1	1765	4089.1379	ThI
1	66	4012.4952	ThI
1	112	4013.8566	ArII
1	141	4014.7164	ThI
1	257	4018.099	ThI
1	292	4019.1289	ThII
1	393	4022.0674	ThI
1	488	4024.8025	ThI
1	517	4025.6556	ThII
1	565	4027.0091	ThI
1	664	4029.8256	ThI
1	680	4030.2925	Th
1	699	4030.8424	ThI
1	718	4031.3581	Th
1	756	4032.4531	ThI
1	761	4032.5951	ThI
1	820	4034.2461	ThII
1	843	4034.9218	ThII
1	863	4035.46	ArII
1	884	4036.0479	ThI
1	902	4036.5652	ThII
1	938	4037.5614	ThI
1	962	4038.2287	ThI
1	983	4038.8043	ArII
1	1021	4039.8648	ThI
1	1069	4041.2036	ThII
1	1130	4042.8937	ArII
1	1148	4043.3948	ThI
1	1185	4044.4179	ArI
1	1214	4045.2268	ThI
1	1241	4045.9654	ArI
1	1297	4047.4815	ArII
1	1326	4048.2876	ThI
1	1332	4048.4324	ThI
1	1372	4049.5361	ThI
1	1387	4049.9447	ThI
1	1422	4050.8872	Th
1	1430	4051.109	Th
1	1497	4052.9208	ArII
1	1519	4053.5277	ThI
1	1548	4054.3017	ThI
1	1556	4054.5258	ArI
1	1732	4059.2529	ThI
1	1888	4063.4071	ThI
1	422	3994.5494	ThII
1	430	3994.7918	ArII
1	475	3996.0617	ThII
1	538	3997.8654	ThII
1	623	4000.2811	ThI
1	651	4001.0581	ThI
1	680	4001.8935	ThI
1	723	4003.1057	ThII
1	730	4003.3086	ThII
1	740	4003.574	ThI
1	794	4005.0928	ThI
1	804	4005.3628	ArII
1	825	4005.9615	ThI
1	839	4006.3806	ThII
1	863	4007.0188	ThII
1	905	4008.2102	ThI
1	935	4009.0112	ThI
1	1033	4011.7398	ThI
1	1060	4012.4952	ThI
1	1110	4013.8566	ArII
1	1134	4014.5143	ThII
1	1141	4014.7164	ThI
1	1226	4017.0627	ThI
1	1265	4018.099	ThI
1	1303	4019.1289	ThII
1	1348	4020.3541	ThI
1	1412	4022.0674	ThI
1	1458	4023.3378	ThI
1	1513	4024.8025	ThI
1	1545	4025.6556	ThII
1	1595	4027.0091	ThI
1	1701	4029.8256	ThI
1	1718	4030.2925	Th
1	1739	4030.8424	ThI
1	1800	4032.4531	ThI
1	1806	4032.5951	ThI
1	168	3959.3	ThI
1	450	3967.3921	ThI
1	507	3969.0026	ThII
1	530	3969.6641	ThI
1	618	3972.1545	Th
1	636	3972.6395	ThI
1	656	3973.1961	ThI
1	701	3974.4766	ArII
1	711	3974.759	ArII
1	771	3976.4149	ThII
1	876	3979.3559	ArII
1	903	3980.0896	Th
1	927	3980.755	ThII
1	940	3981.1065	ThII
1	976	3982.102	ThII
1	1076	3984.8795	ThI
1	1163	3987.2061	ThI
1	1284	3990.4922	ThI
1	1330	3991.7309	ThI
1	1341	3992.0535	ArII
1	1388	3993.2989	Th
1	1434	3994.5494	ThII
1	1444	3994.7918	ArII
1	1491	3996.0617	ThII
1	1592	3998.7334	ThI
1	1600	3998.9526	ThI
1	1650	4000.2811	ThI
1	1679	4001.0581	ThI
1	1711	4001.8935	ThI
1	1833	4005.0928	ThI
