0. 9432.964 0.064508 
1. 9278.291 0.063464 
2. 9128.607 0.062454 
3. 8983.674 0.061475 
4. 8843.271 0.060527 
5. 8707.188 0.059608 
6. 8575.229 0.058716 
7. 8447.208 0.057851 
8. 8322.953 0.057012 
9. 8202.299 0.056196 
10 8085.092 0.055404 
11 7971.187 0.054633 
12 7860.446 0.053884 
13 7752.738 0.053156 
14 7647.942 0.052447 
16 7446.621 0.051085 
17 7349.883 0.05043  
18 7255.624 0.049792 
19 7163.752 0.04917  
20 7074.176 0.048564 
21 6986.812 0.047973 
22 6901.579 0.047396 
23 6818.399 0.046833 
24 6737.199 0.046283 
25 6657.91 0.045747  
26 6580.464 0.045222 
27 6504.799 0.04471  
28 6430.853 0.04421  
29 6358.568 0.043721 
30 6287.889 0.043242 
31 6218.764 0.042774 
32 6151.141 0.042317 
33 6084.972 0.041869 
34 6020.21 0.041431  
35 5956.812 0.041002 
36 5894.734 0.040583 
37 5833.936 0.040171 
38 5774.378 0.039769 
39 5716.023 0.039374 
40 5658.835 0.038988 
41 5602.779 0.038609 
42 5547.822 0.038238 
43 5493.932 0.037874 
44 5441.077 0.037517 
45 5389.229 0.037167 
46 5338.359 0.036824 
47 5288.44 0.036487 
48 5239.445 0.036157 
49 5191.348 0.035832 
50 5144.125 0.035514 
51 5097.753 0.035202 
52 5052.209 0.034895 
53 5007.47 0.034594  
54 4963.516 0.034298 
55 4920.326 0.034007 
56 4877.88 0.033722  
57 4836.16 0.033441  
58 4795.146 0.033165 
59 4754.821 0.032894 
60 4715.168 0.032628 
61 4676.17 0.032366  
62 4637.811 0.032109 
63 4600.075 0.031856 
64 4562.947 0.031607 
65 4526.413 0.031362 
66 4490.459 0.031121 
67 4455.07 0.030884  
68 4420.234 0.030651 
69 4385.938 0.030421 
70 4352.168 0.030196 
71 4318.914 0.029973 
72 4286.164 0.029754 
73 4253.905 0.029539 
74 4222.128 0.029327 
75 4190.821 0.029118 
76 4159.974 0.028912 
77 4129.577 0.02871  
78 4099.62 0.02851   
79 4070.093 0.028314 
